$ python train.py 1>training.log
Epoch 1/1000, Train Loss: -0.1113, Learning Rate: 4.0e-04
Epoch 2/1000, Train Loss: -0.1546, Learning Rate: 4.0e-04
Epoch 3/1000, Train Loss: -0.1704, Learning Rate: 4.0e-04
Epoch 4/1000, Train Loss: -0.1791, Learning Rate: 4.0e-04
Epoch 5/1000, Train Loss: -0.1878, Learning Rate: 4.0e-04
Epoch 6/1000, Train Loss: -0.1921, Learning Rate: 4.0e-04
Epoch 7/1000, Train Loss: -0.2004, Learning Rate: 4.0e-04
Epoch 8/1000, Train Loss: -0.2057, Learning Rate: 4.0e-04
Epoch 9/1000, Train Loss: -0.2089, Learning Rate: 4.0e-04
Epoch 10/1000, Train Loss: -0.2141, Learning Rate: 4.0e-04
Epoch 11/1000, Train Loss: -0.2131, Learning Rate: 4.0e-04
Epoch 12/1000, Train Loss: -0.2172, Learning Rate: 4.0e-04
Epoch 13/1000, Train Loss: -0.2220, Learning Rate: 4.0e-04
Epoch 14/1000, Train Loss: -0.2203, Learning Rate: 4.0e-04
Epoch 15/1000, Train Loss: -0.2228, Learning Rate: 4.0e-04
Epoch 16/1000, Train Loss: -0.2247, Learning Rate: 4.0e-04
Epoch 17/1000, Train Loss: -0.2268, Learning Rate: 4.0e-04
Epoch 18/1000, Train Loss: -0.2287, Learning Rate: 4.0e-04
Epoch 19/1000, Train Loss: -0.2292, Learning Rate: 4.0e-04
Epoch 20/1000, Train Loss: -0.2292, Learning Rate: 4.0e-04
Epoch 21/1000, Train Loss: -0.2315, Learning Rate: 4.0e-04
Epoch 22/1000, Train Loss: -0.2312, Learning Rate: 4.0e-04
Epoch 23/1000, Train Loss: -0.2335, Learning Rate: 4.0e-04
Epoch 24/1000, Train Loss: -0.2363, Learning Rate: 4.0e-04
Epoch 25/1000, Train Loss: -0.2335, Learning Rate: 4.0e-04
Epoch 25/1000, Val L1: 0.0340, Val PSNR: 26.86 dB
Saving checkpoint to ./ckpts/ckpt_24.pth
Epoch 26/1000, Train Loss: -0.2353, Learning Rate: 4.0e-04
Epoch 27/1000, Train Loss: -0.2376, Learning Rate: 4.0e-04
Epoch 28/1000, Train Loss: -0.2351, Learning Rate: 4.0e-04
Epoch 29/1000, Train Loss: -0.2395, Learning Rate: 4.0e-04
Epoch 30/1000, Train Loss: -0.2399, Learning Rate: 4.0e-04
Epoch 31/1000, Train Loss: -0.2399, Learning Rate: 4.0e-04
Epoch 32/1000, Train Loss: -0.2402, Learning Rate: 4.0e-04
Epoch 33/1000, Train Loss: -0.2401, Learning Rate: 4.0e-04
Epoch 34/1000, Train Loss: -0.2404, Learning Rate: 4.0e-04
Epoch 35/1000, Train Loss: -0.2416, Learning Rate: 4.0e-04
Epoch 36/1000, Train Loss: -0.2431, Learning Rate: 4.0e-04
Epoch 37/1000, Train Loss: -0.2436, Learning Rate: 4.0e-04
Epoch 38/1000, Train Loss: -0.2437, Learning Rate: 4.0e-04
Epoch 39/1000, Train Loss: -0.2445, Learning Rate: 4.0e-04
Epoch 40/1000, Train Loss: -0.2451, Learning Rate: 4.0e-04
Epoch 41/1000, Train Loss: -0.2451, Learning Rate: 4.0e-04
Epoch 42/1000, Train Loss: -0.2462, Learning Rate: 4.0e-04
Epoch 43/1000, Train Loss: -0.2447, Learning Rate: 4.0e-04
Epoch 44/1000, Train Loss: -0.2454, Learning Rate: 4.0e-04
Epoch 45/1000, Train Loss: -0.2422, Learning Rate: 4.0e-04
Epoch 46/1000, Train Loss: -0.2468, Learning Rate: 4.0e-04
Epoch 47/1000, Train Loss: -0.2489, Learning Rate: 4.0e-04
Epoch 48/1000, Train Loss: -0.2486, Learning Rate: 4.0e-04
Epoch 49/1000, Train Loss: -0.2496, Learning Rate: 4.0e-04
Epoch 50/1000, Train Loss: -0.2471, Learning Rate: 4.0e-04
Epoch 50/1000, Val L1: 0.0312, Val PSNR: 27.54 dB
Saving checkpoint to ./ckpts/ckpt_49.pth
Epoch 51/1000, Train Loss: -0.2475, Learning Rate: 4.0e-04
Epoch 52/1000, Train Loss: -0.2479, Learning Rate: 4.0e-04
Epoch 53/1000, Train Loss: -0.2481, Learning Rate: 4.0e-04
Epoch 54/1000, Train Loss: -0.2488, Learning Rate: 4.0e-04
Epoch 55/1000, Train Loss: -0.2513, Learning Rate: 4.0e-04
Epoch 56/1000, Train Loss: -0.2519, Learning Rate: 4.0e-04
Epoch 57/1000, Train Loss: -0.2512, Learning Rate: 4.0e-04
Epoch 58/1000, Train Loss: -0.2507, Learning Rate: 4.0e-04
Epoch 59/1000, Train Loss: -0.2525, Learning Rate: 4.0e-04
Epoch 60/1000, Train Loss: -0.2521, Learning Rate: 4.0e-04
Epoch 61/1000, Train Loss: -0.2525, Learning Rate: 4.0e-04
Epoch 62/1000, Train Loss: -0.2534, Learning Rate: 4.0e-04
Epoch 63/1000, Train Loss: -0.2542, Learning Rate: 4.0e-04
Epoch 64/1000, Train Loss: -0.2524, Learning Rate: 4.0e-04
Epoch 65/1000, Train Loss: -0.2544, Learning Rate: 4.0e-04
Epoch 66/1000, Train Loss: -0.2543, Learning Rate: 4.0e-04
Epoch 67/1000, Train Loss: -0.2543, Learning Rate: 4.0e-04
Epoch 68/1000, Train Loss: -0.2548, Learning Rate: 4.0e-04
Epoch 69/1000, Train Loss: -0.2546, Learning Rate: 4.0e-04
Epoch 70/1000, Train Loss: -0.2534, Learning Rate: 4.0e-04
Epoch 71/1000, Train Loss: -0.2510, Learning Rate: 4.0e-04
Epoch 72/1000, Train Loss: -0.2552, Learning Rate: 4.0e-04
Epoch 73/1000, Train Loss: -0.2567, Learning Rate: 4.0e-04
Epoch 74/1000, Train Loss: -0.2571, Learning Rate: 4.0e-04
Epoch 75/1000, Train Loss: -0.2559, Learning Rate: 4.0e-04
Epoch 75/1000, Val L1: 0.0294, Val PSNR: 28.02 dB
Saving checkpoint to ./ckpts/ckpt_74.pth
Epoch 76/1000, Train Loss: -0.2555, Learning Rate: 4.0e-04
Epoch 77/1000, Train Loss: -0.2560, Learning Rate: 4.0e-04
Epoch 78/1000, Train Loss: -0.2564, Learning Rate: 4.0e-04
Epoch 79/1000, Train Loss: -0.2586, Learning Rate: 4.0e-04
Epoch 80/1000, Train Loss: -0.2557, Learning Rate: 4.0e-04
Epoch 81/1000, Train Loss: -0.2575, Learning Rate: 4.0e-04
Epoch 82/1000, Train Loss: -0.2542, Learning Rate: 4.0e-04
Epoch 83/1000, Train Loss: -0.2587, Learning Rate: 4.0e-04
Epoch 84/1000, Train Loss: -0.2583, Learning Rate: 4.0e-04
Epoch 85/1000, Train Loss: -0.2571, Learning Rate: 4.0e-04
Epoch 86/1000, Train Loss: -0.2589, Learning Rate: 4.0e-04
Epoch 87/1000, Train Loss: -0.2587, Learning Rate: 4.0e-04
Epoch 88/1000, Train Loss: -0.2580, Learning Rate: 4.0e-04
Epoch 89/1000, Train Loss: -0.2601, Learning Rate: 4.0e-04
Epoch 90/1000, Train Loss: -0.2592, Learning Rate: 4.0e-04
Epoch 91/1000, Train Loss: -0.2599, Learning Rate: 4.0e-04
Epoch 92/1000, Train Loss: -0.2611, Learning Rate: 4.0e-04
Epoch 93/1000, Train Loss: -0.2602, Learning Rate: 4.0e-04
Epoch 94/1000, Train Loss: -0.2607, Learning Rate: 4.0e-04
Epoch 95/1000, Train Loss: -0.2616, Learning Rate: 4.0e-04
Epoch 96/1000, Train Loss: -0.2609, Learning Rate: 4.0e-04
Epoch 97/1000, Train Loss: -0.2626, Learning Rate: 4.0e-04
Epoch 98/1000, Train Loss: -0.2622, Learning Rate: 4.0e-04
Epoch 99/1000, Train Loss: -0.2625, Learning Rate: 4.0e-04
Epoch 100/1000, Train Loss: -0.2610, Learning Rate: 4.0e-04
Epoch 100/1000, Val L1: 0.0289, Val PSNR: 28.44 dB
Saving checkpoint to ./ckpts/ckpt_99.pth
Epoch 101/1000, Train Loss: -0.2618, Learning Rate: 4.0e-04
Epoch 102/1000, Train Loss: -0.2590, Learning Rate: 4.0e-04
Epoch 103/1000, Train Loss: -0.2604, Learning Rate: 4.0e-04
Epoch 104/1000, Train Loss: -0.2617, Learning Rate: 4.0e-04
Epoch 105/1000, Train Loss: -0.2622, Learning Rate: 4.0e-04
Epoch 106/1000, Train Loss: -0.2632, Learning Rate: 4.0e-04
Epoch 107/1000, Train Loss: -0.2630, Learning Rate: 4.0e-04
Epoch 108/1000, Train Loss: -0.2623, Learning Rate: 4.0e-04
Epoch 109/1000, Train Loss: -0.2639, Learning Rate: 4.0e-04
Epoch 110/1000, Train Loss: -0.2619, Learning Rate: 4.0e-04
Epoch 111/1000, Train Loss: -0.2637, Learning Rate: 4.0e-04
Epoch 112/1000, Train Loss: -0.2633, Learning Rate: 4.0e-04
Epoch 113/1000, Train Loss: -0.2641, Learning Rate: 4.0e-04
Epoch 114/1000, Train Loss: -0.2642, Learning Rate: 4.0e-04
Epoch 115/1000, Train Loss: -0.2640, Learning Rate: 4.0e-04
Epoch 116/1000, Train Loss: -0.2637, Learning Rate: 4.0e-04
Epoch 117/1000, Train Loss: -0.2627, Learning Rate: 4.0e-04
Epoch 118/1000, Train Loss: -0.2657, Learning Rate: 4.0e-04
Epoch 119/1000, Train Loss: -0.2637, Learning Rate: 4.0e-04
Epoch 120/1000, Train Loss: -0.2649, Learning Rate: 4.0e-04
Epoch 121/1000, Train Loss: -0.2664, Learning Rate: 4.0e-04
Epoch 122/1000, Train Loss: -0.2655, Learning Rate: 4.0e-04
Epoch 123/1000, Train Loss: -0.2640, Learning Rate: 4.0e-04
Epoch 124/1000, Train Loss: -0.2656, Learning Rate: 4.0e-04
Epoch 125/1000, Train Loss: -0.2647, Learning Rate: 4.0e-04
Epoch 125/1000, Val L1: 0.0267, Val PSNR: 28.78 dB
Saving checkpoint to ./ckpts/ckpt_124.pth
Epoch 126/1000, Train Loss: -0.2609, Learning Rate: 4.0e-04
Epoch 127/1000, Train Loss: -0.2647, Learning Rate: 4.0e-04
Epoch 128/1000, Train Loss: -0.2647, Learning Rate: 4.0e-04
Epoch 129/1000, Train Loss: -0.2655, Learning Rate: 4.0e-04
Epoch 130/1000, Train Loss: -0.2664, Learning Rate: 4.0e-04
Epoch 131/1000, Train Loss: -0.2657, Learning Rate: 4.0e-04
Epoch 132/1000, Train Loss: -0.2648, Learning Rate: 4.0e-04
Epoch 133/1000, Train Loss: -0.2664, Learning Rate: 4.0e-04
Epoch 134/1000, Train Loss: -0.2672, Learning Rate: 4.0e-04
Epoch 135/1000, Train Loss: -0.2664, Learning Rate: 4.0e-04
Epoch 136/1000, Train Loss: -0.2681, Learning Rate: 4.0e-04
Epoch 137/1000, Train Loss: -0.2685, Learning Rate: 4.0e-04
Epoch 138/1000, Train Loss: -0.2668, Learning Rate: 4.0e-04
Epoch 139/1000, Train Loss: -0.2678, Learning Rate: 4.0e-04
Epoch 140/1000, Train Loss: -0.2681, Learning Rate: 4.0e-04
Epoch 141/1000, Train Loss: -0.2672, Learning Rate: 4.0e-04
Epoch 142/1000, Train Loss: -0.2673, Learning Rate: 4.0e-04
Epoch 143/1000, Train Loss: -0.2689, Learning Rate: 4.0e-04
Epoch 144/1000, Train Loss: -0.2680, Learning Rate: 4.0e-04
Epoch 145/1000, Train Loss: -0.2698, Learning Rate: 4.0e-04
Epoch 146/1000, Train Loss: -0.2676, Learning Rate: 4.0e-04
Epoch 147/1000, Train Loss: -0.2695, Learning Rate: 4.0e-04
Epoch 148/1000, Train Loss: -0.2691, Learning Rate: 4.0e-04
Epoch 149/1000, Train Loss: -0.2699, Learning Rate: 4.0e-04
Epoch 150/1000, Train Loss: -0.2686, Learning Rate: 4.0e-04
Epoch 150/1000, Val L1: 0.0257, Val PSNR: 29.11 dB
Saving checkpoint to ./ckpts/ckpt_149.pth
Epoch 151/1000, Train Loss: -0.2682, Learning Rate: 4.0e-04
Epoch 152/1000, Train Loss: -0.2689, Learning Rate: 4.0e-04
Epoch 153/1000, Train Loss: -0.2687, Learning Rate: 4.0e-04
Epoch 154/1000, Train Loss: -0.2702, Learning Rate: 4.0e-04
Epoch 155/1000, Train Loss: -0.2699, Learning Rate: 4.0e-04
Epoch 156/1000, Train Loss: -0.2696, Learning Rate: 4.0e-04
Epoch 157/1000, Train Loss: -0.2685, Learning Rate: 4.0e-04
Epoch 158/1000, Train Loss: -0.2706, Learning Rate: 4.0e-04
Epoch 159/1000, Train Loss: -0.2702, Learning Rate: 4.0e-04
Epoch 160/1000, Train Loss: -0.2695, Learning Rate: 4.0e-04
Epoch 161/1000, Train Loss: -0.2716, Learning Rate: 4.0e-04
Epoch 162/1000, Train Loss: -0.2693, Learning Rate: 4.0e-04
Epoch 163/1000, Train Loss: -0.2716, Learning Rate: 4.0e-04
Epoch 164/1000, Train Loss: -0.2705, Learning Rate: 4.0e-04
Epoch 165/1000, Train Loss: -0.2724, Learning Rate: 4.0e-04
Epoch 166/1000, Train Loss: -0.2713, Learning Rate: 4.0e-04
Epoch 167/1000, Train Loss: -0.2710, Learning Rate: 4.0e-04
Epoch 168/1000, Train Loss: -0.2709, Learning Rate: 4.0e-04
Epoch 169/1000, Train Loss: -0.2708, Learning Rate: 4.0e-04
Epoch 170/1000, Train Loss: -0.2671, Learning Rate: 4.0e-04
Epoch 171/1000, Train Loss: -0.2702, Learning Rate: 4.0e-04
Epoch 172/1000, Train Loss: -0.2713, Learning Rate: 4.0e-04
Epoch 173/1000, Train Loss: -0.2710, Learning Rate: 4.0e-04
Epoch 174/1000, Train Loss: -0.2719, Learning Rate: 4.0e-04
Epoch 175/1000, Train Loss: -0.2705, Learning Rate: 4.0e-04
Epoch 175/1000, Val L1: 0.0248, Val PSNR: 29.26 dB
Saving checkpoint to ./ckpts/ckpt_174.pth
Epoch 176/1000, Train Loss: -0.2716, Learning Rate: 4.0e-04
Epoch 177/1000, Train Loss: -0.2700, Learning Rate: 4.0e-04
Epoch 178/1000, Train Loss: -0.2713, Learning Rate: 4.0e-04
Epoch 179/1000, Train Loss: -0.2717, Learning Rate: 4.0e-04
Epoch 180/1000, Train Loss: -0.2712, Learning Rate: 4.0e-04
Epoch 181/1000, Train Loss: -0.2717, Learning Rate: 4.0e-04
Epoch 182/1000, Train Loss: -0.2740, Learning Rate: 4.0e-04
Epoch 183/1000, Train Loss: -0.2724, Learning Rate: 4.0e-04
Epoch 184/1000, Train Loss: -0.2727, Learning Rate: 4.0e-04
Epoch 185/1000, Train Loss: -0.2729, Learning Rate: 4.0e-04
Epoch 186/1000, Train Loss: -0.2725, Learning Rate: 4.0e-04
Epoch 187/1000, Train Loss: -0.2726, Learning Rate: 4.0e-04
Epoch 188/1000, Train Loss: -0.2737, Learning Rate: 4.0e-04
Epoch 189/1000, Train Loss: -0.2700, Learning Rate: 4.0e-04
Epoch 190/1000, Train Loss: -0.2718, Learning Rate: 4.0e-04
Epoch 191/1000, Train Loss: -0.2738, Learning Rate: 4.0e-04
Epoch 192/1000, Train Loss: -0.2745, Learning Rate: 4.0e-04
Epoch 193/1000, Train Loss: -0.2741, Learning Rate: 4.0e-04
Epoch 194/1000, Train Loss: -0.2721, Learning Rate: 4.0e-04
Epoch 195/1000, Train Loss: -0.2733, Learning Rate: 4.0e-04
Epoch 196/1000, Train Loss: -0.2737, Learning Rate: 4.0e-04
Epoch 197/1000, Train Loss: -0.2742, Learning Rate: 4.0e-04
Epoch 198/1000, Train Loss: -0.2754, Learning Rate: 4.0e-04
Epoch 199/1000, Train Loss: -0.2751, Learning Rate: 4.0e-04
Epoch 200/1000, Train Loss: -0.2754, Learning Rate: 4.0e-04
Epoch 200/1000, Val L1: 0.0247, Val PSNR: 29.35 dB
Saving checkpoint to ./ckpts/ckpt_199.pth
Epoch 201/1000, Train Loss: -0.2729, Learning Rate: 4.0e-04
Epoch 202/1000, Train Loss: -0.2737, Learning Rate: 4.0e-04
Epoch 203/1000, Train Loss: -0.2750, Learning Rate: 4.0e-04
Epoch 204/1000, Train Loss: -0.2745, Learning Rate: 4.0e-04
Epoch 205/1000, Train Loss: -0.2759, Learning Rate: 4.0e-04
Epoch 206/1000, Train Loss: -0.2746, Learning Rate: 4.0e-04
Epoch 207/1000, Train Loss: -0.2744, Learning Rate: 4.0e-04
Epoch 208/1000, Train Loss: -0.2740, Learning Rate: 4.0e-04
Epoch 209/1000, Train Loss: -0.2750, Learning Rate: 4.0e-04
Epoch 210/1000, Train Loss: -0.2742, Learning Rate: 4.0e-04
Epoch 211/1000, Train Loss: -0.2746, Learning Rate: 4.0e-04
Epoch 212/1000, Train Loss: -0.2758, Learning Rate: 4.0e-04
Epoch 213/1000, Train Loss: -0.2748, Learning Rate: 4.0e-04
Epoch 214/1000, Train Loss: -0.2741, Learning Rate: 4.0e-04
Epoch 215/1000, Train Loss: -0.2739, Learning Rate: 4.0e-04
Epoch 216/1000, Train Loss: -0.2761, Learning Rate: 4.0e-04
Epoch 217/1000, Train Loss: -0.2758, Learning Rate: 4.0e-04
Epoch 218/1000, Train Loss: -0.2752, Learning Rate: 4.0e-04
Epoch 219/1000, Train Loss: -0.2749, Learning Rate: 4.0e-04
Epoch 220/1000, Train Loss: -0.2765, Learning Rate: 4.0e-04
Epoch 221/1000, Train Loss: -0.2761, Learning Rate: 4.0e-04
Epoch 222/1000, Train Loss: -0.2737, Learning Rate: 4.0e-04
Epoch 223/1000, Train Loss: -0.2739, Learning Rate: 4.0e-04
Epoch 224/1000, Train Loss: -0.2767, Learning Rate: 4.0e-04
Epoch 225/1000, Train Loss: -0.2760, Learning Rate: 4.0e-04
Epoch 225/1000, Val L1: 0.0256, Val PSNR: 29.27 dB
Saving checkpoint to ./ckpts/ckpt_224.pth
Epoch 226/1000, Train Loss: -0.2764, Learning Rate: 4.0e-04
Epoch 227/1000, Train Loss: -0.2758, Learning Rate: 4.0e-04
Epoch 228/1000, Train Loss: -0.2766, Learning Rate: 4.0e-04
Epoch 229/1000, Train Loss: -0.2785, Learning Rate: 4.0e-04
Epoch 230/1000, Train Loss: -0.2763, Learning Rate: 4.0e-04
Epoch 231/1000, Train Loss: -0.2754, Learning Rate: 4.0e-04
Epoch 232/1000, Train Loss: -0.2768, Learning Rate: 4.0e-04
Epoch 233/1000, Train Loss: -0.2777, Learning Rate: 4.0e-04
Epoch 234/1000, Train Loss: -0.2761, Learning Rate: 4.0e-04
Epoch 235/1000, Train Loss: -0.2775, Learning Rate: 4.0e-04
Epoch 236/1000, Train Loss: -0.2769, Learning Rate: 4.0e-04
Epoch 237/1000, Train Loss: -0.2764, Learning Rate: 4.0e-04
Epoch 238/1000, Train Loss: -0.2778, Learning Rate: 4.0e-04
Epoch 239/1000, Train Loss: -0.2765, Learning Rate: 4.0e-04
Epoch 240/1000, Train Loss: -0.2780, Learning Rate: 4.0e-04
Epoch 241/1000, Train Loss: -0.2768, Learning Rate: 4.0e-04
Epoch 242/1000, Train Loss: -0.2764, Learning Rate: 4.0e-04
Epoch 243/1000, Train Loss: -0.2776, Learning Rate: 4.0e-04
Epoch 244/1000, Train Loss: -0.2783, Learning Rate: 4.0e-04
Epoch 245/1000, Train Loss: -0.2764, Learning Rate: 4.0e-04
Epoch 246/1000, Train Loss: -0.2785, Learning Rate: 4.0e-04
Epoch 247/1000, Train Loss: -0.2777, Learning Rate: 4.0e-04
Epoch 248/1000, Train Loss: -0.2780, Learning Rate: 4.0e-04
Epoch 249/1000, Train Loss: -0.2776, Learning Rate: 4.0e-04
Epoch 250/1000, Train Loss: -0.2787, Learning Rate: 4.0e-04
Epoch 250/1000, Val L1: 0.0238, Val PSNR: 29.64 dB
Saving checkpoint to ./ckpts/ckpt_249.pth
Epoch 251/1000, Train Loss: -0.2783, Learning Rate: 4.0e-04
Epoch 252/1000, Train Loss: -0.2772, Learning Rate: 4.0e-04
Epoch 253/1000, Train Loss: -0.2793, Learning Rate: 4.0e-04
Epoch 254/1000, Train Loss: -0.2772, Learning Rate: 4.0e-04
Epoch 255/1000, Train Loss: -0.2783, Learning Rate: 4.0e-04
Epoch 256/1000, Train Loss: -0.2790, Learning Rate: 4.0e-04
Epoch 257/1000, Train Loss: -0.2784, Learning Rate: 4.0e-04
Epoch 258/1000, Train Loss: -0.2792, Learning Rate: 4.0e-04
Epoch 259/1000, Train Loss: -0.2791, Learning Rate: 4.0e-04
Epoch 260/1000, Train Loss: -0.2767, Learning Rate: 4.0e-04
Epoch 261/1000, Train Loss: -0.2774, Learning Rate: 4.0e-04
Epoch 262/1000, Train Loss: -0.2772, Learning Rate: 4.0e-04
Epoch 263/1000, Train Loss: -0.2767, Learning Rate: 4.0e-04
Epoch 264/1000, Train Loss: -0.2798, Learning Rate: 4.0e-04
Epoch 265/1000, Train Loss: -0.2786, Learning Rate: 4.0e-04
Epoch 266/1000, Train Loss: -0.2787, Learning Rate: 4.0e-04
Epoch 267/1000, Train Loss: -0.2793, Learning Rate: 4.0e-04
Epoch 268/1000, Train Loss: -0.2792, Learning Rate: 4.0e-04
Epoch 269/1000, Train Loss: -0.2794, Learning Rate: 4.0e-04
Epoch 270/1000, Train Loss: -0.2784, Learning Rate: 4.0e-04
Epoch 271/1000, Train Loss: -0.2801, Learning Rate: 4.0e-04
Epoch 272/1000, Train Loss: -0.2779, Learning Rate: 4.0e-04
Epoch 273/1000, Train Loss: -0.2808, Learning Rate: 4.0e-04
Epoch 274/1000, Train Loss: -0.2776, Learning Rate: 4.0e-04
Epoch 275/1000, Train Loss: -0.2795, Learning Rate: 4.0e-04
Epoch 275/1000, Val L1: 0.0236, Val PSNR: 29.71 dB
Saving checkpoint to ./ckpts/ckpt_274.pth
Epoch 276/1000, Train Loss: -0.2784, Learning Rate: 4.0e-04
Epoch 277/1000, Train Loss: -0.2789, Learning Rate: 4.0e-04
Epoch 278/1000, Train Loss: -0.2809, Learning Rate: 4.0e-04
Epoch 279/1000, Train Loss: -0.2793, Learning Rate: 4.0e-04
Epoch 280/1000, Train Loss: -0.2801, Learning Rate: 4.0e-04
Epoch 281/1000, Train Loss: -0.2800, Learning Rate: 4.0e-04
Epoch 282/1000, Train Loss: -0.2802, Learning Rate: 4.0e-04
Epoch 283/1000, Train Loss: -0.2793, Learning Rate: 4.0e-04
Epoch 284/1000, Train Loss: -0.2799, Learning Rate: 4.0e-04
Epoch 285/1000, Train Loss: -0.2809, Learning Rate: 4.0e-04
Epoch 286/1000, Train Loss: -0.2813, Learning Rate: 4.0e-04
Epoch 287/1000, Train Loss: -0.2803, Learning Rate: 4.0e-04
Epoch 288/1000, Train Loss: -0.2801, Learning Rate: 4.0e-04
Epoch 289/1000, Train Loss: -0.2819, Learning Rate: 4.0e-04
Epoch 290/1000, Train Loss: -0.2804, Learning Rate: 4.0e-04
Epoch 291/1000, Train Loss: -0.2808, Learning Rate: 4.0e-04
Epoch 292/1000, Train Loss: -0.2800, Learning Rate: 4.0e-04
Epoch 293/1000, Train Loss: -0.2807, Learning Rate: 4.0e-04
Epoch 294/1000, Train Loss: -0.2810, Learning Rate: 4.0e-04
Epoch 295/1000, Train Loss: -0.2814, Learning Rate: 4.0e-04
Epoch 296/1000, Train Loss: -0.2811, Learning Rate: 4.0e-04
Epoch 297/1000, Train Loss: -0.2804, Learning Rate: 4.0e-04
Epoch 298/1000, Train Loss: -0.2810, Learning Rate: 4.0e-04
Epoch 299/1000, Train Loss: -0.2799, Learning Rate: 4.0e-04
Epoch 300/1000, Train Loss: -0.2818, Learning Rate: 4.0e-04
Epoch 300/1000, Val L1: 0.0246, Val PSNR: 29.49 dB
Saving checkpoint to ./ckpts/ckpt_299.pth
Epoch 301/1000, Train Loss: -0.2796, Learning Rate: 4.0e-04
Epoch 302/1000, Train Loss: -0.2823, Learning Rate: 4.0e-04
Epoch 303/1000, Train Loss: -0.2821, Learning Rate: 4.0e-04
Epoch 304/1000, Train Loss: -0.2811, Learning Rate: 4.0e-04
Epoch 305/1000, Train Loss: -0.2800, Learning Rate: 4.0e-04
Epoch 306/1000, Train Loss: -0.2813, Learning Rate: 4.0e-04
Epoch 307/1000, Train Loss: -0.2813, Learning Rate: 4.0e-04
Epoch 308/1000, Train Loss: -0.2797, Learning Rate: 4.0e-04
Epoch 309/1000, Train Loss: -0.2800, Learning Rate: 4.0e-04
Epoch 310/1000, Train Loss: -0.2808, Learning Rate: 4.0e-04
Epoch 311/1000, Train Loss: -0.2804, Learning Rate: 4.0e-04
Epoch 312/1000, Train Loss: -0.2805, Learning Rate: 4.0e-04
Epoch 313/1000, Train Loss: -0.2819, Learning Rate: 4.0e-04
Epoch 314/1000, Train Loss: -0.2819, Learning Rate: 4.0e-04
Epoch 315/1000, Train Loss: -0.2831, Learning Rate: 4.0e-04
Epoch 316/1000, Train Loss: -0.2833, Learning Rate: 4.0e-04
Epoch 317/1000, Train Loss: -0.2820, Learning Rate: 4.0e-04
Epoch 318/1000, Train Loss: -0.2828, Learning Rate: 4.0e-04
Epoch 319/1000, Train Loss: -0.2827, Learning Rate: 4.0e-04
Epoch 320/1000, Train Loss: -0.2830, Learning Rate: 4.0e-04
Epoch 321/1000, Train Loss: -0.2823, Learning Rate: 4.0e-04
Epoch 322/1000, Train Loss: -0.2823, Learning Rate: 4.0e-04
Epoch 323/1000, Train Loss: -0.2827, Learning Rate: 4.0e-04
Epoch 324/1000, Train Loss: -0.2818, Learning Rate: 4.0e-04
Epoch 325/1000, Train Loss: -0.2827, Learning Rate: 4.0e-04
Epoch 325/1000, Val L1: 0.0235, Val PSNR: 29.78 dB
Saving checkpoint to ./ckpts/ckpt_324.pth
Epoch 326/1000, Train Loss: -0.2816, Learning Rate: 4.0e-04
Epoch 327/1000, Train Loss: -0.2840, Learning Rate: 4.0e-04
Epoch 328/1000, Train Loss: -0.2813, Learning Rate: 4.0e-04
Epoch 329/1000, Train Loss: -0.2814, Learning Rate: 4.0e-04
Epoch 330/1000, Train Loss: -0.2830, Learning Rate: 4.0e-04
Epoch 331/1000, Train Loss: -0.2826, Learning Rate: 4.0e-04
Epoch 332/1000, Train Loss: -0.2824, Learning Rate: 4.0e-04
Epoch 333/1000, Train Loss: -0.2832, Learning Rate: 4.0e-04
Epoch 334/1000, Train Loss: -0.2818, Learning Rate: 4.0e-04
Epoch 335/1000, Train Loss: -0.2824, Learning Rate: 4.0e-04
Epoch 336/1000, Train Loss: -0.2836, Learning Rate: 4.0e-04
Epoch 337/1000, Train Loss: -0.2838, Learning Rate: 4.0e-04
Epoch 338/1000, Train Loss: -0.2834, Learning Rate: 4.0e-04
Epoch 339/1000, Train Loss: -0.2829, Learning Rate: 4.0e-04
Epoch 340/1000, Train Loss: -0.2834, Learning Rate: 4.0e-04
Epoch 341/1000, Train Loss: -0.2829, Learning Rate: 4.0e-04
Epoch 342/1000, Train Loss: -0.2824, Learning Rate: 4.0e-04
Epoch 343/1000, Train Loss: -0.2839, Learning Rate: 4.0e-04
Epoch 344/1000, Train Loss: -0.2838, Learning Rate: 4.0e-04
Epoch 345/1000, Train Loss: -0.2834, Learning Rate: 4.0e-04
Epoch 346/1000, Train Loss: -0.2834, Learning Rate: 4.0e-04
Epoch 347/1000, Train Loss: -0.2827, Learning Rate: 4.0e-04
Epoch 348/1000, Train Loss: -0.2836, Learning Rate: 4.0e-04
Epoch 349/1000, Train Loss: -0.2834, Learning Rate: 4.0e-04
Epoch 350/1000, Train Loss: -0.2834, Learning Rate: 4.0e-04
Epoch 350/1000, Val L1: 0.0231, Val PSNR: 29.90 dB
Saving checkpoint to ./ckpts/ckpt_349.pth
Epoch 351/1000, Train Loss: -0.2841, Learning Rate: 4.0e-04
Epoch 352/1000, Train Loss: -0.2845, Learning Rate: 4.0e-04
Epoch 353/1000, Train Loss: -0.2825, Learning Rate: 4.0e-04
Epoch 354/1000, Train Loss: -0.2840, Learning Rate: 4.0e-04
Epoch 355/1000, Train Loss: -0.2835, Learning Rate: 4.0e-04
Epoch 356/1000, Train Loss: -0.2843, Learning Rate: 4.0e-04
Epoch 357/1000, Train Loss: -0.2833, Learning Rate: 4.0e-04
Epoch 358/1000, Train Loss: -0.2836, Learning Rate: 4.0e-04
Epoch 359/1000, Train Loss: -0.2844, Learning Rate: 4.0e-04
Epoch 360/1000, Train Loss: -0.2824, Learning Rate: 4.0e-04
Epoch 361/1000, Train Loss: -0.2843, Learning Rate: 4.0e-04
Epoch 362/1000, Train Loss: -0.2836, Learning Rate: 4.0e-04
Epoch 363/1000, Train Loss: -0.2833, Learning Rate: 4.0e-04
Epoch 364/1000, Train Loss: -0.2852, Learning Rate: 4.0e-04
Epoch 365/1000, Train Loss: -0.2841, Learning Rate: 4.0e-04
Epoch 366/1000, Train Loss: -0.2838, Learning Rate: 4.0e-04
Epoch 367/1000, Train Loss: -0.2850, Learning Rate: 4.0e-04
Epoch 368/1000, Train Loss: -0.2853, Learning Rate: 4.0e-04
Epoch 369/1000, Train Loss: -0.2860, Learning Rate: 4.0e-04
Epoch 370/1000, Train Loss: -0.2830, Learning Rate: 4.0e-04
Epoch 371/1000, Train Loss: -0.2847, Learning Rate: 4.0e-04
Epoch 372/1000, Train Loss: -0.2853, Learning Rate: 4.0e-04
Epoch 373/1000, Train Loss: -0.2842, Learning Rate: 4.0e-04
Epoch 374/1000, Train Loss: -0.2856, Learning Rate: 4.0e-04
Epoch 375/1000, Train Loss: -0.2845, Learning Rate: 4.0e-04
Epoch 375/1000, Val L1: 0.0227, Val PSNR: 30.05 dB
Saving checkpoint to ./ckpts/ckpt_374.pth
Epoch 376/1000, Train Loss: -0.2845, Learning Rate: 4.0e-04
Epoch 377/1000, Train Loss: -0.2842, Learning Rate: 4.0e-04
Epoch 378/1000, Train Loss: -0.2855, Learning Rate: 4.0e-04
Epoch 379/1000, Train Loss: -0.2855, Learning Rate: 4.0e-04
Epoch 380/1000, Train Loss: -0.2848, Learning Rate: 4.0e-04
Epoch 381/1000, Train Loss: -0.2836, Learning Rate: 4.0e-04
Epoch 382/1000, Train Loss: -0.2848, Learning Rate: 4.0e-04
Epoch 383/1000, Train Loss: -0.2849, Learning Rate: 4.0e-04
Epoch 384/1000, Train Loss: -0.2855, Learning Rate: 4.0e-04
Epoch 385/1000, Train Loss: -0.2855, Learning Rate: 4.0e-04
Epoch 386/1000, Train Loss: -0.2868, Learning Rate: 4.0e-04
Epoch 387/1000, Train Loss: -0.2841, Learning Rate: 4.0e-04
Epoch 388/1000, Train Loss: -0.2849, Learning Rate: 4.0e-04
Epoch 389/1000, Train Loss: -0.2843, Learning Rate: 4.0e-04
Epoch 390/1000, Train Loss: -0.2860, Learning Rate: 4.0e-04
Epoch 391/1000, Train Loss: -0.2848, Learning Rate: 4.0e-04
Epoch 392/1000, Train Loss: -0.2857, Learning Rate: 4.0e-04
Epoch 393/1000, Train Loss: -0.2858, Learning Rate: 4.0e-04
Epoch 394/1000, Train Loss: -0.2842, Learning Rate: 4.0e-04
Epoch 395/1000, Train Loss: -0.2861, Learning Rate: 4.0e-04
Epoch 396/1000, Train Loss: -0.2857, Learning Rate: 4.0e-04
Epoch 397/1000, Train Loss: -0.2851, Learning Rate: 4.0e-04
Epoch 398/1000, Train Loss: -0.2868, Learning Rate: 4.0e-04
Epoch 399/1000, Train Loss: -0.2869, Learning Rate: 4.0e-04
Epoch 400/1000, Train Loss: -0.2867, Learning Rate: 4.0e-04
Epoch 400/1000, Val L1: 0.0229, Val PSNR: 30.00 dB
Saving checkpoint to ./ckpts/ckpt_399.pth
Epoch 401/1000, Train Loss: -0.2857, Learning Rate: 4.0e-04
Epoch 402/1000, Train Loss: -0.2855, Learning Rate: 4.0e-04
Epoch 403/1000, Train Loss: -0.2865, Learning Rate: 4.0e-04
Epoch 404/1000, Train Loss: -0.2851, Learning Rate: 4.0e-04
Epoch 405/1000, Train Loss: -0.2875, Learning Rate: 4.0e-04
Epoch 406/1000, Train Loss: -0.2872, Learning Rate: 4.0e-04
Epoch 407/1000, Train Loss: -0.2864, Learning Rate: 4.0e-04
Epoch 408/1000, Train Loss: -0.2861, Learning Rate: 4.0e-04
Epoch 409/1000, Train Loss: -0.2853, Learning Rate: 4.0e-04
Epoch 410/1000, Train Loss: -0.2861, Learning Rate: 4.0e-04
Epoch 411/1000, Train Loss: -0.2861, Learning Rate: 4.0e-04
Epoch 412/1000, Train Loss: -0.2864, Learning Rate: 4.0e-04
Epoch 413/1000, Train Loss: -0.2864, Learning Rate: 4.0e-04
Epoch 414/1000, Train Loss: -0.2870, Learning Rate: 4.0e-04
Epoch 415/1000, Train Loss: -0.2871, Learning Rate: 4.0e-04
Epoch 416/1000, Train Loss: -0.2871, Learning Rate: 4.0e-04
Epoch 417/1000, Train Loss: -0.2868, Learning Rate: 4.0e-04
Epoch 418/1000, Train Loss: -0.2875, Learning Rate: 4.0e-04
Epoch 419/1000, Train Loss: -0.2860, Learning Rate: 4.0e-04
Epoch 420/1000, Train Loss: -0.2860, Learning Rate: 4.0e-04
Epoch 421/1000, Train Loss: -0.2867, Learning Rate: 4.0e-04
Epoch 422/1000, Train Loss: -0.2870, Learning Rate: 4.0e-04
Epoch 423/1000, Train Loss: -0.2869, Learning Rate: 4.0e-04
Epoch 424/1000, Train Loss: -0.2858, Learning Rate: 4.0e-04
Epoch 425/1000, Train Loss: -0.2859, Learning Rate: 4.0e-04
Epoch 425/1000, Val L1: 0.0228, Val PSNR: 29.98 dB
Saving checkpoint to ./ckpts/ckpt_424.pth
Epoch 426/1000, Train Loss: -0.2861, Learning Rate: 4.0e-04
Epoch 427/1000, Train Loss: -0.2855, Learning Rate: 4.0e-04
Epoch 428/1000, Train Loss: -0.2863, Learning Rate: 4.0e-04
Epoch 429/1000, Train Loss: -0.2873, Learning Rate: 4.0e-04
Epoch 430/1000, Train Loss: -0.2877, Learning Rate: 4.0e-04
Epoch 431/1000, Train Loss: -0.2873, Learning Rate: 4.0e-04
Epoch 432/1000, Train Loss: -0.2876, Learning Rate: 4.0e-04
Epoch 433/1000, Train Loss: -0.2880, Learning Rate: 4.0e-04
Epoch 434/1000, Train Loss: -0.2872, Learning Rate: 4.0e-04
Epoch 435/1000, Train Loss: -0.2875, Learning Rate: 4.0e-04
Epoch 436/1000, Train Loss: -0.2871, Learning Rate: 4.0e-04
Epoch 437/1000, Train Loss: -0.2884, Learning Rate: 4.0e-04
Epoch 438/1000, Train Loss: -0.2857, Learning Rate: 4.0e-04
Epoch 439/1000, Train Loss: -0.2863, Learning Rate: 4.0e-04
Epoch 440/1000, Train Loss: -0.2881, Learning Rate: 4.0e-04
Epoch 441/1000, Train Loss: -0.2882, Learning Rate: 4.0e-04
Epoch 442/1000, Train Loss: -0.2889, Learning Rate: 4.0e-04
Epoch 443/1000, Train Loss: -0.2877, Learning Rate: 4.0e-04
Epoch 444/1000, Train Loss: -0.2877, Learning Rate: 4.0e-04
Epoch 445/1000, Train Loss: -0.2878, Learning Rate: 4.0e-04
Epoch 446/1000, Train Loss: -0.2863, Learning Rate: 4.0e-04
Epoch 447/1000, Train Loss: -0.2862, Learning Rate: 4.0e-04
Epoch 448/1000, Train Loss: -0.2878, Learning Rate: 4.0e-04
Epoch 449/1000, Train Loss: -0.2884, Learning Rate: 4.0e-04
Epoch 450/1000, Train Loss: -0.2882, Learning Rate: 4.0e-04
Epoch 450/1000, Val L1: 0.0224, Val PSNR: 30.10 dB
Saving checkpoint to ./ckpts/ckpt_449.pth
Epoch 451/1000, Train Loss: -0.2885, Learning Rate: 4.0e-04
Epoch 452/1000, Train Loss: -0.2882, Learning Rate: 4.0e-04
Epoch 453/1000, Train Loss: -0.2888, Learning Rate: 4.0e-04
Epoch 454/1000, Train Loss: -0.2889, Learning Rate: 4.0e-04
Epoch 455/1000, Train Loss: -0.2887, Learning Rate: 4.0e-04
Epoch 456/1000, Train Loss: -0.2877, Learning Rate: 4.0e-04
Epoch 457/1000, Train Loss: -0.2875, Learning Rate: 4.0e-04
Epoch 458/1000, Train Loss: -0.2885, Learning Rate: 4.0e-04
Epoch 459/1000, Train Loss: -0.2865, Learning Rate: 4.0e-04
Epoch 460/1000, Train Loss: -0.2883, Learning Rate: 4.0e-04
Epoch 461/1000, Train Loss: -0.2897, Learning Rate: 4.0e-04
Epoch 462/1000, Train Loss: -0.2891, Learning Rate: 4.0e-04
Epoch 463/1000, Train Loss: -0.2878, Learning Rate: 4.0e-04
Epoch 464/1000, Train Loss: -0.2872, Learning Rate: 4.0e-04
Epoch 465/1000, Train Loss: -0.2887, Learning Rate: 4.0e-04
Epoch 466/1000, Train Loss: -0.2877, Learning Rate: 4.0e-04
Epoch 467/1000, Train Loss: -0.2885, Learning Rate: 4.0e-04
Epoch 468/1000, Train Loss: -0.2885, Learning Rate: 4.0e-04
Epoch 469/1000, Train Loss: -0.2893, Learning Rate: 4.0e-04
Epoch 470/1000, Train Loss: -0.2886, Learning Rate: 4.0e-04
Epoch 471/1000, Train Loss: -0.2890, Learning Rate: 4.0e-04
Epoch 472/1000, Train Loss: -0.2876, Learning Rate: 4.0e-04
Epoch 473/1000, Train Loss: -0.2884, Learning Rate: 4.0e-04
Epoch 474/1000, Train Loss: -0.2886, Learning Rate: 4.0e-04
Epoch 475/1000, Train Loss: -0.2892, Learning Rate: 4.0e-04
Epoch 475/1000, Val L1: 0.0223, Val PSNR: 30.15 dB
Saving checkpoint to ./ckpts/ckpt_474.pth
Epoch 476/1000, Train Loss: -0.2888, Learning Rate: 4.0e-04
Epoch 477/1000, Train Loss: -0.2884, Learning Rate: 4.0e-04
Epoch 478/1000, Train Loss: -0.2892, Learning Rate: 4.0e-04
Epoch 479/1000, Train Loss: -0.2885, Learning Rate: 4.0e-04
Epoch 480/1000, Train Loss: -0.2874, Learning Rate: 4.0e-04
Epoch 481/1000, Train Loss: -0.2909, Learning Rate: 4.0e-04
Epoch 482/1000, Train Loss: -0.2901, Learning Rate: 4.0e-04
Epoch 483/1000, Train Loss: -0.2881, Learning Rate: 4.0e-04
Epoch 484/1000, Train Loss: -0.2882, Learning Rate: 4.0e-04
Epoch 485/1000, Train Loss: -0.2882, Learning Rate: 4.0e-04
Epoch 486/1000, Train Loss: -0.2888, Learning Rate: 4.0e-04
Epoch 487/1000, Train Loss: -0.2891, Learning Rate: 4.0e-04
Epoch 488/1000, Train Loss: -0.2886, Learning Rate: 4.0e-04
Epoch 489/1000, Train Loss: -0.2887, Learning Rate: 4.0e-04
Epoch 490/1000, Train Loss: -0.2895, Learning Rate: 4.0e-04
Epoch 491/1000, Train Loss: -0.2903, Learning Rate: 4.0e-04
Epoch 492/1000, Train Loss: -0.2882, Learning Rate: 4.0e-04
Epoch 493/1000, Train Loss: -0.2897, Learning Rate: 4.0e-04
Epoch 494/1000, Train Loss: -0.2897, Learning Rate: 4.0e-04
Epoch 495/1000, Train Loss: -0.2889, Learning Rate: 4.0e-04
Epoch 496/1000, Train Loss: -0.2907, Learning Rate: 4.0e-04
Epoch 497/1000, Train Loss: -0.2883, Learning Rate: 4.0e-04
Epoch 498/1000, Train Loss: -0.2898, Learning Rate: 4.0e-04
Epoch 499/1000, Train Loss: -0.2901, Learning Rate: 4.0e-04
Epoch 500/1000, Train Loss: -0.2902, Learning Rate: 4.0e-04
Epoch 500/1000, Val L1: 0.0225, Val PSNR: 30.17 dB
Saving checkpoint to ./ckpts/ckpt_499.pth
Epoch 501/1000, Train Loss: -0.2887, Learning Rate: 4.0e-04
Epoch 502/1000, Train Loss: -0.2897, Learning Rate: 4.0e-04
Epoch 503/1000, Train Loss: -0.2886, Learning Rate: 4.0e-04
Epoch 504/1000, Train Loss: -0.2905, Learning Rate: 4.0e-04
Epoch 505/1000, Train Loss: -0.2905, Learning Rate: 4.0e-04
Epoch 506/1000, Train Loss: -0.2897, Learning Rate: 4.0e-04
Epoch 507/1000, Train Loss: -0.2904, Learning Rate: 4.0e-04
Epoch 508/1000, Train Loss: -0.2902, Learning Rate: 4.0e-04
Epoch 509/1000, Train Loss: -0.2874, Learning Rate: 4.0e-04
Epoch 510/1000, Train Loss: -0.2885, Learning Rate: 4.0e-04
Epoch 511/1000, Train Loss: -0.2905, Learning Rate: 4.0e-04
Epoch 512/1000, Train Loss: -0.2893, Learning Rate: 4.0e-04
Epoch 513/1000, Train Loss: -0.2900, Learning Rate: 4.0e-04
Epoch 514/1000, Train Loss: -0.2889, Learning Rate: 4.0e-04
Epoch 515/1000, Train Loss: -0.2907, Learning Rate: 4.0e-04
Epoch 516/1000, Train Loss: -0.2902, Learning Rate: 4.0e-04
Epoch 517/1000, Train Loss: -0.2901, Learning Rate: 4.0e-04
Epoch 518/1000, Train Loss: -0.2905, Learning Rate: 4.0e-04
Epoch 519/1000, Train Loss: -0.2905, Learning Rate: 4.0e-04
Epoch 520/1000, Train Loss: -0.2905, Learning Rate: 4.0e-04
Epoch 521/1000, Train Loss: -0.2915, Learning Rate: 4.0e-04
Epoch 522/1000, Train Loss: -0.2905, Learning Rate: 4.0e-04
Epoch 523/1000, Train Loss: -0.2823, Learning Rate: 4.0e-04
Epoch 524/1000, Train Loss: -0.2889, Learning Rate: 4.0e-04
Epoch 525/1000, Train Loss: -0.2898, Learning Rate: 4.0e-04
Epoch 525/1000, Val L1: 0.0222, Val PSNR: 30.19 dB
Saving checkpoint to ./ckpts/ckpt_524.pth
Epoch 526/1000, Train Loss: -0.2912, Learning Rate: 4.0e-04
Epoch 527/1000, Train Loss: -0.2906, Learning Rate: 4.0e-04
Epoch 528/1000, Train Loss: -0.2913, Learning Rate: 4.0e-04
Epoch 529/1000, Train Loss: -0.2915, Learning Rate: 4.0e-04
Epoch 530/1000, Train Loss: -0.2907, Learning Rate: 4.0e-04
Epoch 531/1000, Train Loss: -0.2894, Learning Rate: 4.0e-04
Epoch 532/1000, Train Loss: -0.2880, Learning Rate: 4.0e-04
Epoch 533/1000, Train Loss: -0.2900, Learning Rate: 4.0e-04
Epoch 534/1000, Train Loss: -0.2895, Learning Rate: 4.0e-04
Epoch 535/1000, Train Loss: -0.2900, Learning Rate: 4.0e-04
Epoch 536/1000, Train Loss: -0.2911, Learning Rate: 4.0e-04
Epoch 537/1000, Train Loss: -0.2905, Learning Rate: 4.0e-04
Epoch 538/1000, Train Loss: -0.2908, Learning Rate: 4.0e-04
Epoch 539/1000, Train Loss: -0.2909, Learning Rate: 4.0e-04
Epoch 540/1000, Train Loss: -0.2905, Learning Rate: 4.0e-04
Epoch 541/1000, Train Loss: -0.2909, Learning Rate: 4.0e-04
Epoch 542/1000, Train Loss: -0.2916, Learning Rate: 4.0e-04
Epoch 543/1000, Train Loss: -0.2891, Learning Rate: 4.0e-04
Epoch 544/1000, Train Loss: -0.2910, Learning Rate: 4.0e-04
Epoch 545/1000, Train Loss: -0.2900, Learning Rate: 4.0e-04
Epoch 546/1000, Train Loss: -0.2920, Learning Rate: 4.0e-04
Epoch 547/1000, Train Loss: -0.2913, Learning Rate: 4.0e-04
Epoch 548/1000, Train Loss: -0.2908, Learning Rate: 4.0e-04
Epoch 549/1000, Train Loss: -0.2908, Learning Rate: 4.0e-04
Epoch 550/1000, Train Loss: -0.2911, Learning Rate: 4.0e-04
Epoch 550/1000, Val L1: 0.0218, Val PSNR: 30.34 dB
Saving checkpoint to ./ckpts/ckpt_549.pth
Epoch 551/1000, Train Loss: -0.2900, Learning Rate: 4.0e-04
Epoch 552/1000, Train Loss: -0.2899, Learning Rate: 4.0e-04
Epoch 553/1000, Train Loss: -0.2919, Learning Rate: 4.0e-04
Epoch 554/1000, Train Loss: -0.2912, Learning Rate: 4.0e-04
Epoch 555/1000, Train Loss: -0.2920, Learning Rate: 4.0e-04
Epoch 556/1000, Train Loss: -0.2912, Learning Rate: 4.0e-04
Epoch 557/1000, Train Loss: -0.2907, Learning Rate: 4.0e-04
Epoch 558/1000, Train Loss: -0.2897, Learning Rate: 4.0e-04
Epoch 559/1000, Train Loss: -0.2917, Learning Rate: 4.0e-04
Epoch 560/1000, Train Loss: -0.2905, Learning Rate: 4.0e-04
Epoch 561/1000, Train Loss: -0.2917, Learning Rate: 4.0e-04
Epoch 562/1000, Train Loss: -0.2917, Learning Rate: 4.0e-04
Epoch 563/1000, Train Loss: -0.2921, Learning Rate: 4.0e-04
Epoch 564/1000, Train Loss: -0.2919, Learning Rate: 4.0e-04
Epoch 565/1000, Train Loss: -0.2932, Learning Rate: 4.0e-04
Epoch 566/1000, Train Loss: -0.2911, Learning Rate: 4.0e-04
Epoch 567/1000, Train Loss: -0.2907, Learning Rate: 4.0e-04
Epoch 568/1000, Train Loss: -0.2916, Learning Rate: 4.0e-04
Epoch 569/1000, Train Loss: -0.2915, Learning Rate: 4.0e-04
Epoch 570/1000, Train Loss: -0.2915, Learning Rate: 4.0e-04
Epoch 571/1000, Train Loss: -0.2919, Learning Rate: 4.0e-04
Epoch 572/1000, Train Loss: -0.2919, Learning Rate: 4.0e-04
Epoch 573/1000, Train Loss: -0.2913, Learning Rate: 4.0e-04
Epoch 574/1000, Train Loss: -0.2917, Learning Rate: 4.0e-04
Epoch 575/1000, Train Loss: -0.2923, Learning Rate: 4.0e-04
Epoch 575/1000, Val L1: 0.0218, Val PSNR: 30.31 dB
Saving checkpoint to ./ckpts/ckpt_574.pth
Epoch 576/1000, Train Loss: -0.2923, Learning Rate: 4.0e-04
Epoch 577/1000, Train Loss: -0.2919, Learning Rate: 4.0e-04
Epoch 578/1000, Train Loss: -0.2910, Learning Rate: 4.0e-04
Epoch 579/1000, Train Loss: -0.2923, Learning Rate: 4.0e-04
Epoch 580/1000, Train Loss: -0.2921, Learning Rate: 4.0e-04
Epoch 581/1000, Train Loss: -0.2920, Learning Rate: 4.0e-04
Epoch 582/1000, Train Loss: -0.2913, Learning Rate: 4.0e-04
Epoch 583/1000, Train Loss: -0.2925, Learning Rate: 4.0e-04
Epoch 584/1000, Train Loss: -0.2935, Learning Rate: 4.0e-04
Epoch 585/1000, Train Loss: -0.2914, Learning Rate: 4.0e-04
Epoch 586/1000, Train Loss: -0.2923, Learning Rate: 4.0e-04
Epoch 587/1000, Train Loss: -0.2933, Learning Rate: 4.0e-04
Epoch 588/1000, Train Loss: -0.2919, Learning Rate: 4.0e-04
Epoch 589/1000, Train Loss: -0.2919, Learning Rate: 4.0e-04
Epoch 590/1000, Train Loss: -0.2919, Learning Rate: 4.0e-04
Epoch 591/1000, Train Loss: -0.2913, Learning Rate: 4.0e-04
Epoch 592/1000, Train Loss: -0.2921, Learning Rate: 4.0e-04
Epoch 593/1000, Train Loss: -0.2894, Learning Rate: 4.0e-04
Epoch 594/1000, Train Loss: -0.2915, Learning Rate: 4.0e-04
Epoch 595/1000, Train Loss: -0.2918, Learning Rate: 4.0e-04
Epoch 596/1000, Train Loss: -0.2915, Learning Rate: 4.0e-04
Epoch 597/1000, Train Loss: -0.2937, Learning Rate: 4.0e-04
Epoch 598/1000, Train Loss: -0.2924, Learning Rate: 4.0e-04
Epoch 599/1000, Train Loss: -0.2922, Learning Rate: 4.0e-04
Epoch 600/1000, Train Loss: -0.2927, Learning Rate: 4.0e-04
Epoch 600/1000, Val L1: 0.0220, Val PSNR: 30.25 dB
Saving checkpoint to ./ckpts/ckpt_599.pth
Epoch 601/1000, Train Loss: -0.2925, Learning Rate: 4.0e-04
Epoch 602/1000, Train Loss: -0.2933, Learning Rate: 4.0e-04
Epoch 603/1000, Train Loss: -0.2937, Learning Rate: 4.0e-04
Epoch 604/1000, Train Loss: -0.2917, Learning Rate: 4.0e-04
Epoch 605/1000, Train Loss: -0.2936, Learning Rate: 4.0e-04
Epoch 606/1000, Train Loss: -0.2932, Learning Rate: 4.0e-04
Epoch 607/1000, Train Loss: -0.2924, Learning Rate: 4.0e-04
Epoch 608/1000, Train Loss: -0.2935, Learning Rate: 4.0e-04
Epoch 609/1000, Train Loss: -0.2929, Learning Rate: 4.0e-04
Epoch 610/1000, Train Loss: -0.2927, Learning Rate: 4.0e-04
Epoch 611/1000, Train Loss: -0.2924, Learning Rate: 4.0e-04
Epoch 612/1000, Train Loss: -0.2940, Learning Rate: 4.0e-04
Epoch 613/1000, Train Loss: -0.2933, Learning Rate: 4.0e-04
Epoch 614/1000, Train Loss: -0.2930, Learning Rate: 4.0e-04
Epoch 615/1000, Train Loss: -0.2936, Learning Rate: 4.0e-04
Epoch 616/1000, Train Loss: -0.2925, Learning Rate: 4.0e-04
Epoch 617/1000, Train Loss: -0.2927, Learning Rate: 4.0e-04
Epoch 618/1000, Train Loss: -0.2927, Learning Rate: 4.0e-04
Epoch 619/1000, Train Loss: -0.2919, Learning Rate: 4.0e-04
Epoch 620/1000, Train Loss: -0.2923, Learning Rate: 4.0e-04
Epoch 621/1000, Train Loss: -0.2926, Learning Rate: 4.0e-04
Epoch 622/1000, Train Loss: -0.2909, Learning Rate: 4.0e-04
Epoch 623/1000, Train Loss: -0.2937, Learning Rate: 4.0e-04
Epoch 624/1000, Train Loss: -0.2920, Learning Rate: 4.0e-04
Epoch 625/1000, Train Loss: -0.2929, Learning Rate: 4.0e-04
Epoch 625/1000, Val L1: 0.0218, Val PSNR: 30.34 dB
Saving checkpoint to ./ckpts/ckpt_624.pth
Epoch 626/1000, Train Loss: -0.2928, Learning Rate: 4.0e-04
Epoch 627/1000, Train Loss: -0.2932, Learning Rate: 4.0e-04
Epoch 628/1000, Train Loss: -0.2933, Learning Rate: 4.0e-04
Epoch 629/1000, Train Loss: -0.2932, Learning Rate: 4.0e-04
Epoch 630/1000, Train Loss: -0.2930, Learning Rate: 4.0e-04
Epoch 631/1000, Train Loss: -0.2934, Learning Rate: 4.0e-04
Epoch 632/1000, Train Loss: -0.2933, Learning Rate: 4.0e-04
Epoch 633/1000, Train Loss: -0.2936, Learning Rate: 4.0e-04
Epoch 634/1000, Train Loss: -0.2937, Learning Rate: 4.0e-04
Epoch 635/1000, Train Loss: -0.2939, Learning Rate: 4.0e-04
Epoch 636/1000, Train Loss: -0.2940, Learning Rate: 4.0e-04
Epoch 637/1000, Train Loss: -0.2926, Learning Rate: 4.0e-04
Epoch 638/1000, Train Loss: -0.2942, Learning Rate: 4.0e-04
Epoch 639/1000, Train Loss: -0.2927, Learning Rate: 4.0e-04
Epoch 640/1000, Train Loss: -0.2944, Learning Rate: 4.0e-04
Epoch 641/1000, Train Loss: -0.2945, Learning Rate: 4.0e-04
Epoch 642/1000, Train Loss: -0.2934, Learning Rate: 4.0e-04
Epoch 643/1000, Train Loss: -0.2930, Learning Rate: 4.0e-04
Epoch 644/1000, Train Loss: -0.2891, Learning Rate: 4.0e-04
Epoch 645/1000, Train Loss: -0.2930, Learning Rate: 4.0e-04
Epoch 646/1000, Train Loss: -0.2936, Learning Rate: 4.0e-04
Epoch 647/1000, Train Loss: -0.2926, Learning Rate: 4.0e-04
Epoch 648/1000, Train Loss: -0.2936, Learning Rate: 4.0e-04
Epoch 649/1000, Train Loss: -0.2939, Learning Rate: 4.0e-04
Epoch 650/1000, Train Loss: -0.2948, Learning Rate: 4.0e-04
Epoch 650/1000, Val L1: 0.0219, Val PSNR: 30.33 dB
Saving checkpoint to ./ckpts/ckpt_649.pth
Epoch 651/1000, Train Loss: -0.2954, Learning Rate: 4.0e-04
Epoch 652/1000, Train Loss: -0.2933, Learning Rate: 4.0e-04
Epoch 653/1000, Train Loss: -0.2943, Learning Rate: 4.0e-04
Epoch 654/1000, Train Loss: -0.2943, Learning Rate: 4.0e-04
Epoch 655/1000, Train Loss: -0.2945, Learning Rate: 4.0e-04
Epoch 656/1000, Train Loss: -0.2938, Learning Rate: 4.0e-04
Epoch 657/1000, Train Loss: -0.2940, Learning Rate: 4.0e-04
Epoch 658/1000, Train Loss: -0.2932, Learning Rate: 4.0e-04
Epoch 659/1000, Train Loss: -0.2916, Learning Rate: 4.0e-04
Epoch 660/1000, Train Loss: -0.2943, Learning Rate: 4.0e-04
Epoch 661/1000, Train Loss: -0.2950, Learning Rate: 4.0e-04
Epoch 662/1000, Train Loss: -0.2935, Learning Rate: 4.0e-04
Epoch 663/1000, Train Loss: -0.2940, Learning Rate: 4.0e-04
Epoch 664/1000, Train Loss: -0.2937, Learning Rate: 4.0e-04
Epoch 665/1000, Train Loss: -0.2920, Learning Rate: 4.0e-04
Epoch 666/1000, Train Loss: -0.2928, Learning Rate: 4.0e-04
Epoch 667/1000, Train Loss: -0.2937, Learning Rate: 4.0e-04
Epoch 668/1000, Train Loss: -0.2944, Learning Rate: 4.0e-04
Epoch 669/1000, Train Loss: -0.2949, Learning Rate: 4.0e-04
Epoch 670/1000, Train Loss: -0.2937, Learning Rate: 4.0e-04
Epoch 671/1000, Train Loss: -0.2944, Learning Rate: 4.0e-04
Epoch 672/1000, Train Loss: -0.2940, Learning Rate: 4.0e-04
Epoch 673/1000, Train Loss: -0.2931, Learning Rate: 4.0e-04
Epoch 674/1000, Train Loss: -0.2950, Learning Rate: 4.0e-04
Epoch 675/1000, Train Loss: -0.2951, Learning Rate: 4.0e-04
Epoch 675/1000, Val L1: 0.0217, Val PSNR: 30.34 dB
Saving checkpoint to ./ckpts/ckpt_674.pth
Epoch 676/1000, Train Loss: -0.2952, Learning Rate: 4.0e-04
Epoch 677/1000, Train Loss: -0.2931, Learning Rate: 4.0e-04
Epoch 678/1000, Train Loss: -0.2946, Learning Rate: 4.0e-04
Epoch 679/1000, Train Loss: -0.2940, Learning Rate: 4.0e-04
Epoch 680/1000, Train Loss: -0.2936, Learning Rate: 4.0e-04
Epoch 681/1000, Train Loss: -0.2958, Learning Rate: 4.0e-04
Epoch 682/1000, Train Loss: -0.2959, Learning Rate: 4.0e-04
Epoch 683/1000, Train Loss: -0.2953, Learning Rate: 4.0e-04
Epoch 684/1000, Train Loss: -0.2946, Learning Rate: 4.0e-04
Epoch 685/1000, Train Loss: -0.2945, Learning Rate: 4.0e-04
Epoch 686/1000, Train Loss: -0.2947, Learning Rate: 4.0e-04
Epoch 687/1000, Train Loss: -0.2942, Learning Rate: 4.0e-04
Epoch 688/1000, Train Loss: -0.2947, Learning Rate: 4.0e-04
Epoch 689/1000, Train Loss: -0.2949, Learning Rate: 4.0e-04
Epoch 690/1000, Train Loss: -0.2950, Learning Rate: 4.0e-04
Epoch 691/1000, Train Loss: -0.2942, Learning Rate: 4.0e-04
Epoch 692/1000, Train Loss: -0.2938, Learning Rate: 4.0e-04
Epoch 693/1000, Train Loss: -0.2944, Learning Rate: 4.0e-04
Epoch 694/1000, Train Loss: -0.2939, Learning Rate: 4.0e-04
Epoch 695/1000, Train Loss: -0.2959, Learning Rate: 4.0e-04
Epoch 696/1000, Train Loss: -0.2940, Learning Rate: 4.0e-04
Epoch 697/1000, Train Loss: -0.2960, Learning Rate: 4.0e-04
Epoch 698/1000, Train Loss: -0.2950, Learning Rate: 4.0e-04
Epoch 699/1000, Train Loss: -0.2961, Learning Rate: 4.0e-04
Epoch 700/1000, Train Loss: -0.2949, Learning Rate: 4.0e-04
Epoch 700/1000, Val L1: 0.0222, Val PSNR: 30.23 dB
Saving checkpoint to ./ckpts/ckpt_699.pth
Epoch 701/1000, Train Loss: -0.2946, Learning Rate: 4.0e-04
Epoch 702/1000, Train Loss: -0.2954, Learning Rate: 4.0e-04
Epoch 703/1000, Train Loss: -0.2948, Learning Rate: 4.0e-04
Epoch 704/1000, Train Loss: -0.2943, Learning Rate: 4.0e-04
Epoch 705/1000, Train Loss: -0.2934, Learning Rate: 4.0e-04
Epoch 706/1000, Train Loss: -0.2938, Learning Rate: 4.0e-04
Epoch 707/1000, Train Loss: -0.2943, Learning Rate: 4.0e-04
Epoch 708/1000, Train Loss: -0.2948, Learning Rate: 4.0e-04
Epoch 709/1000, Train Loss: -0.2938, Learning Rate: 4.0e-04
Epoch 710/1000, Train Loss: -0.2940, Learning Rate: 4.0e-04
Epoch 711/1000, Train Loss: -0.2951, Learning Rate: 4.0e-04
Epoch 712/1000, Train Loss: -0.2951, Learning Rate: 4.0e-04
Epoch 713/1000, Train Loss: -0.2952, Learning Rate: 4.0e-04
Epoch 714/1000, Train Loss: -0.2947, Learning Rate: 4.0e-04
Epoch 715/1000, Train Loss: -0.2959, Learning Rate: 4.0e-04
Epoch 716/1000, Train Loss: -0.2951, Learning Rate: 4.0e-04
Epoch 717/1000, Train Loss: -0.2951, Learning Rate: 4.0e-04
Epoch 718/1000, Train Loss: -0.2948, Learning Rate: 4.0e-04
Epoch 719/1000, Train Loss: -0.2956, Learning Rate: 4.0e-04
Epoch 720/1000, Train Loss: -0.2962, Learning Rate: 4.0e-04
Epoch 721/1000, Train Loss: -0.2955, Learning Rate: 4.0e-04
Epoch 722/1000, Train Loss: -0.2939, Learning Rate: 4.0e-04
Epoch 723/1000, Train Loss: -0.2955, Learning Rate: 4.0e-04
Epoch 724/1000, Train Loss: -0.2953, Learning Rate: 4.0e-04
Epoch 725/1000, Train Loss: -0.2939, Learning Rate: 4.0e-04
Epoch 725/1000, Val L1: 0.0217, Val PSNR: 30.41 dB
Saving checkpoint to ./ckpts/ckpt_724.pth
Epoch 726/1000, Train Loss: -0.2954, Learning Rate: 4.0e-04
Epoch 727/1000, Train Loss: -0.2966, Learning Rate: 4.0e-04
Epoch 728/1000, Train Loss: -0.2952, Learning Rate: 4.0e-04
Epoch 729/1000, Train Loss: -0.2950, Learning Rate: 4.0e-04
Epoch 730/1000, Train Loss: -0.2971, Learning Rate: 4.0e-04
Epoch 731/1000, Train Loss: -0.2948, Learning Rate: 4.0e-04
Epoch 732/1000, Train Loss: -0.2942, Learning Rate: 4.0e-04
Epoch 733/1000, Train Loss: -0.2955, Learning Rate: 4.0e-04
Epoch 734/1000, Train Loss: -0.2962, Learning Rate: 4.0e-04
Epoch 735/1000, Train Loss: -0.2970, Learning Rate: 4.0e-04
Epoch 736/1000, Train Loss: -0.2958, Learning Rate: 4.0e-04
Epoch 737/1000, Train Loss: -0.2954, Learning Rate: 4.0e-04
Epoch 738/1000, Train Loss: -0.2845, Learning Rate: 4.0e-04
Epoch 739/1000, Train Loss: -0.2930, Learning Rate: 4.0e-04
Epoch 740/1000, Train Loss: -0.2914, Learning Rate: 4.0e-04
Epoch 741/1000, Train Loss: -0.2935, Learning Rate: 4.0e-04
Epoch 742/1000, Train Loss: -0.2945, Learning Rate: 4.0e-04
Epoch 743/1000, Train Loss: -0.2956, Learning Rate: 4.0e-04
Epoch 744/1000, Train Loss: -0.2950, Learning Rate: 4.0e-04
Epoch 745/1000, Train Loss: -0.2957, Learning Rate: 4.0e-04
Epoch 746/1000, Train Loss: -0.2941, Learning Rate: 4.0e-04
Epoch 747/1000, Train Loss: -0.2950, Learning Rate: 4.0e-04
Epoch 748/1000, Train Loss: -0.2922, Learning Rate: 4.0e-04
Epoch 749/1000, Train Loss: -0.2946, Learning Rate: 4.0e-04
Epoch 750/1000, Train Loss: -0.2957, Learning Rate: 4.0e-04
Epoch 750/1000, Val L1: 0.0219, Val PSNR: 30.33 dB
Saving checkpoint to ./ckpts/ckpt_749.pth
Epoch 751/1000, Train Loss: -0.2951, Learning Rate: 4.0e-04
Epoch 752/1000, Train Loss: -0.2958, Learning Rate: 4.0e-04
Epoch 753/1000, Train Loss: -0.2962, Learning Rate: 4.0e-04
Epoch 754/1000, Train Loss: -0.2963, Learning Rate: 4.0e-04
Epoch 755/1000, Train Loss: -0.2972, Learning Rate: 4.0e-04
Epoch 756/1000, Train Loss: -0.2959, Learning Rate: 4.0e-04
Epoch 757/1000, Train Loss: -0.2958, Learning Rate: 4.0e-04
Epoch 758/1000, Train Loss: -0.2956, Learning Rate: 4.0e-04
Epoch 759/1000, Train Loss: -0.2965, Learning Rate: 4.0e-04
Epoch 760/1000, Train Loss: -0.2959, Learning Rate: 4.0e-04
Epoch 761/1000, Train Loss: -0.2970, Learning Rate: 4.0e-04
Epoch 762/1000, Train Loss: -0.2969, Learning Rate: 4.0e-04
Epoch 763/1000, Train Loss: -0.2960, Learning Rate: 4.0e-04
Epoch 764/1000, Train Loss: -0.2959, Learning Rate: 4.0e-04
Epoch 765/1000, Train Loss: -0.2959, Learning Rate: 4.0e-04
Epoch 766/1000, Train Loss: -0.2972, Learning Rate: 4.0e-04
Epoch 767/1000, Train Loss: -0.2968, Learning Rate: 4.0e-04
Epoch 768/1000, Train Loss: -0.2970, Learning Rate: 4.0e-04
Epoch 769/1000, Train Loss: -0.2971, Learning Rate: 4.0e-04
Epoch 770/1000, Train Loss: -0.2969, Learning Rate: 4.0e-04
Epoch 771/1000, Train Loss: -0.2956, Learning Rate: 4.0e-04
Epoch 772/1000, Train Loss: -0.2842, Learning Rate: 4.0e-04
Epoch 773/1000, Train Loss: -0.2936, Learning Rate: 4.0e-04
Epoch 774/1000, Train Loss: -0.2960, Learning Rate: 4.0e-04
Epoch 775/1000, Train Loss: -0.2938, Learning Rate: 4.0e-04
Epoch 775/1000, Val L1: 0.0216, Val PSNR: 30.44 dB
Saving checkpoint to ./ckpts/ckpt_774.pth
Epoch 776/1000, Train Loss: -0.2951, Learning Rate: 4.0e-04
Epoch 777/1000, Train Loss: -0.2969, Learning Rate: 4.0e-04
Epoch 778/1000, Train Loss: -0.2968, Learning Rate: 4.0e-04
Epoch 779/1000, Train Loss: -0.2964, Learning Rate: 4.0e-04
Epoch 780/1000, Train Loss: -0.2970, Learning Rate: 4.0e-04
Epoch 781/1000, Train Loss: -0.2954, Learning Rate: 4.0e-04
Epoch 782/1000, Train Loss: -0.2962, Learning Rate: 4.0e-04
Epoch 783/1000, Train Loss: -0.2959, Learning Rate: 4.0e-04
Epoch 784/1000, Train Loss: -0.2963, Learning Rate: 4.0e-04
Epoch 785/1000, Train Loss: -0.2974, Learning Rate: 4.0e-04
Epoch 786/1000, Train Loss: -0.2972, Learning Rate: 4.0e-04
Epoch 787/1000, Train Loss: -0.2959, Learning Rate: 4.0e-04
Epoch 788/1000, Train Loss: -0.2966, Learning Rate: 4.0e-04
Epoch 789/1000, Train Loss: -0.2971, Learning Rate: 4.0e-04
Epoch 790/1000, Train Loss: -0.2955, Learning Rate: 4.0e-04
Epoch 791/1000, Train Loss: -0.2967, Learning Rate: 4.0e-04
Epoch 792/1000, Train Loss: -0.2971, Learning Rate: 4.0e-04
Epoch 793/1000, Train Loss: -0.2965, Learning Rate: 4.0e-04
Epoch 794/1000, Train Loss: -0.2961, Learning Rate: 4.0e-04
Epoch 795/1000, Train Loss: -0.2962, Learning Rate: 4.0e-04
Epoch 796/1000, Train Loss: -0.2974, Learning Rate: 4.0e-04
Epoch 797/1000, Train Loss: -0.2977, Learning Rate: 4.0e-04
Epoch 798/1000, Train Loss: -0.2971, Learning Rate: 4.0e-04
Epoch 799/1000, Train Loss: -0.2968, Learning Rate: 4.0e-04
Epoch 800/1000, Train Loss: -0.2959, Learning Rate: 4.0e-04
Epoch 800/1000, Val L1: 0.0214, Val PSNR: 30.54 dB
Saving checkpoint to ./ckpts/ckpt_799.pth
Epoch 801/1000, Train Loss: -0.2972, Learning Rate: 4.0e-04
Epoch 802/1000, Train Loss: -0.2944, Learning Rate: 4.0e-04
Epoch 803/1000, Train Loss: -0.2961, Learning Rate: 4.0e-04
Epoch 804/1000, Train Loss: -0.2966, Learning Rate: 4.0e-04
Epoch 805/1000, Train Loss: -0.2967, Learning Rate: 4.0e-04
Epoch 806/1000, Train Loss: -0.2983, Learning Rate: 4.0e-04
Epoch 807/1000, Train Loss: -0.2962, Learning Rate: 4.0e-04
Epoch 808/1000, Train Loss: -0.2971, Learning Rate: 4.0e-04
Epoch 809/1000, Train Loss: -0.2968, Learning Rate: 4.0e-04
Epoch 810/1000, Train Loss: -0.2965, Learning Rate: 4.0e-04
Epoch 811/1000, Train Loss: -0.2979, Learning Rate: 4.0e-04
Epoch 812/1000, Train Loss: -0.2975, Learning Rate: 4.0e-04
Epoch 813/1000, Train Loss: -0.2983, Learning Rate: 4.0e-04
Epoch 814/1000, Train Loss: -0.2973, Learning Rate: 4.0e-04
Epoch 815/1000, Train Loss: -0.2978, Learning Rate: 4.0e-04
Epoch 816/1000, Train Loss: -0.2971, Learning Rate: 4.0e-04
Epoch 817/1000, Train Loss: -0.2991, Learning Rate: 4.0e-04
Epoch 818/1000, Train Loss: -0.2966, Learning Rate: 4.0e-04
Epoch 819/1000, Train Loss: -0.2986, Learning Rate: 4.0e-04
Epoch 820/1000, Train Loss: -0.2966, Learning Rate: 4.0e-04
Epoch 821/1000, Train Loss: -0.2959, Learning Rate: 4.0e-04
Epoch 822/1000, Train Loss: -0.2965, Learning Rate: 4.0e-04
Epoch 823/1000, Train Loss: -0.2976, Learning Rate: 4.0e-04
Epoch 824/1000, Train Loss: -0.2978, Learning Rate: 4.0e-04
Epoch 825/1000, Train Loss: -0.2978, Learning Rate: 4.0e-04
Epoch 825/1000, Val L1: 0.0213, Val PSNR: 30.55 dB
Saving checkpoint to ./ckpts/ckpt_824.pth
---
Epoch 826/1200, Train Loss: -0.3000, Learning Rate: 4.0e-05
Epoch 827/1200, Train Loss: -0.3006, Learning Rate: 4.0e-05
Epoch 828/1200, Train Loss: -0.3032, Learning Rate: 4.0e-05
Epoch 829/1200, Train Loss: -0.3027, Learning Rate: 4.0e-05
Epoch 830/1200, Train Loss: -0.3027, Learning Rate: 4.0e-05
Epoch 831/1200, Train Loss: -0.3026, Learning Rate: 4.0e-05
Epoch 832/1200, Train Loss: -0.3038, Learning Rate: 4.0e-05
Epoch 833/1200, Train Loss: -0.3026, Learning Rate: 4.0e-05
Epoch 834/1200, Train Loss: -0.3034, Learning Rate: 4.0e-05
Epoch 835/1200, Train Loss: -0.3035, Learning Rate: 4.0e-05
Epoch 836/1200, Train Loss: -0.3032, Learning Rate: 4.0e-05
Epoch 837/1200, Train Loss: -0.3038, Learning Rate: 4.0e-05
Epoch 838/1200, Train Loss: -0.3030, Learning Rate: 4.0e-05
Epoch 839/1200, Train Loss: -0.3045, Learning Rate: 4.0e-05
Epoch 840/1200, Train Loss: -0.3038, Learning Rate: 4.0e-05
Epoch 841/1200, Train Loss: -0.3039, Learning Rate: 4.0e-05
Epoch 842/1200, Train Loss: -0.3035, Learning Rate: 4.0e-05
Epoch 843/1200, Train Loss: -0.3040, Learning Rate: 4.0e-05
Epoch 844/1200, Train Loss: -0.3040, Learning Rate: 4.0e-05
Epoch 845/1200, Train Loss: -0.3036, Learning Rate: 4.0e-05
Epoch 846/1200, Train Loss: -0.3043, Learning Rate: 4.0e-05
Epoch 847/1200, Train Loss: -0.3047, Learning Rate: 4.0e-05
Epoch 848/1200, Train Loss: -0.3049, Learning Rate: 4.0e-05
Epoch 849/1200, Train Loss: -0.3037, Learning Rate: 4.0e-05
Epoch 850/1200, Train Loss: -0.3045, Learning Rate: 4.0e-05
Epoch 850/1200, Val L1: 0.0205, Val PSNR: 30.83 dB
Saving checkpoint to ./ckpts/ckpt_849.pth
Epoch 851/1200, Train Loss: -0.3036, Learning Rate: 4.0e-05
Epoch 852/1200, Train Loss: -0.3047, Learning Rate: 4.0e-05
Epoch 853/1200, Train Loss: -0.3039, Learning Rate: 4.0e-05
Epoch 854/1200, Train Loss: -0.3042, Learning Rate: 4.0e-05
Epoch 855/1200, Train Loss: -0.3040, Learning Rate: 4.0e-05
Epoch 856/1200, Train Loss: -0.3053, Learning Rate: 4.0e-05
Epoch 857/1200, Train Loss: -0.3055, Learning Rate: 4.0e-05
Epoch 858/1200, Train Loss: -0.3045, Learning Rate: 4.0e-05
Epoch 859/1200, Train Loss: -0.3051, Learning Rate: 4.0e-05
Epoch 860/1200, Train Loss: -0.3037, Learning Rate: 4.0e-05
Epoch 861/1200, Train Loss: -0.3047, Learning Rate: 4.0e-05
Epoch 862/1200, Train Loss: -0.3045, Learning Rate: 4.0e-05
Epoch 863/1200, Train Loss: -0.3044, Learning Rate: 4.0e-05
Epoch 864/1200, Train Loss: -0.3054, Learning Rate: 4.0e-05
Epoch 865/1200, Train Loss: -0.3049, Learning Rate: 4.0e-05
Epoch 866/1200, Train Loss: -0.3046, Learning Rate: 4.0e-05
Epoch 867/1200, Train Loss: -0.3053, Learning Rate: 4.0e-05
Epoch 868/1200, Train Loss: -0.3051, Learning Rate: 4.0e-05
Epoch 869/1200, Train Loss: -0.3057, Learning Rate: 4.0e-05
Epoch 870/1200, Train Loss: -0.3053, Learning Rate: 4.0e-05
Epoch 871/1200, Train Loss: -0.3057, Learning Rate: 4.0e-05
Epoch 872/1200, Train Loss: -0.3055, Learning Rate: 4.0e-05
Epoch 873/1200, Train Loss: -0.3047, Learning Rate: 4.0e-05
Epoch 874/1200, Train Loss: -0.3058, Learning Rate: 4.0e-05
Epoch 875/1200, Train Loss: -0.3046, Learning Rate: 4.0e-05
Epoch 875/1200, Val L1: 0.0203, Val PSNR: 30.86 dB
Saving checkpoint to ./ckpts/ckpt_874.pth
Epoch 876/1200, Train Loss: -0.3049, Learning Rate: 4.0e-05
Epoch 877/1200, Train Loss: -0.3057, Learning Rate: 4.0e-05
Epoch 878/1200, Train Loss: -0.3059, Learning Rate: 4.0e-05
Epoch 879/1200, Train Loss: -0.3058, Learning Rate: 4.0e-05
Epoch 880/1200, Train Loss: -0.3052, Learning Rate: 4.0e-05
Epoch 881/1200, Train Loss: -0.3058, Learning Rate: 4.0e-05
Epoch 882/1200, Train Loss: -0.3048, Learning Rate: 4.0e-05
Epoch 883/1200, Train Loss: -0.3049, Learning Rate: 4.0e-05
Epoch 884/1200, Train Loss: -0.3056, Learning Rate: 4.0e-05
Epoch 885/1200, Train Loss: -0.3049, Learning Rate: 4.0e-05
Epoch 886/1200, Train Loss: -0.3064, Learning Rate: 4.0e-05
Epoch 887/1200, Train Loss: -0.3056, Learning Rate: 4.0e-05
Epoch 888/1200, Train Loss: -0.3069, Learning Rate: 4.0e-05
Epoch 889/1200, Train Loss: -0.3063, Learning Rate: 4.0e-05
Epoch 890/1200, Train Loss: -0.3058, Learning Rate: 4.0e-05
Epoch 891/1200, Train Loss: -0.3061, Learning Rate: 4.0e-05
Epoch 892/1200, Train Loss: -0.3061, Learning Rate: 4.0e-05
Epoch 893/1200, Train Loss: -0.3052, Learning Rate: 4.0e-05
Epoch 894/1200, Train Loss: -0.3063, Learning Rate: 4.0e-05
Epoch 895/1200, Train Loss: -0.3061, Learning Rate: 4.0e-05
Epoch 896/1200, Train Loss: -0.3059, Learning Rate: 4.0e-05
Epoch 897/1200, Train Loss: -0.3057, Learning Rate: 4.0e-05
Epoch 898/1200, Train Loss: -0.3061, Learning Rate: 4.0e-05
Epoch 899/1200, Train Loss: -0.3054, Learning Rate: 4.0e-05
Epoch 900/1200, Train Loss: -0.3067, Learning Rate: 4.0e-05
Epoch 900/1200, Val L1: 0.0203, Val PSNR: 30.88 dB
Saving checkpoint to ./ckpts/ckpt_899.pth
Epoch 901/1200, Train Loss: -0.3058, Learning Rate: 4.0e-05
Epoch 902/1200, Train Loss: -0.3053, Learning Rate: 4.0e-05
Epoch 903/1200, Train Loss: -0.3058, Learning Rate: 4.0e-05
Epoch 904/1200, Train Loss: -0.3070, Learning Rate: 4.0e-05
Epoch 905/1200, Train Loss: -0.3049, Learning Rate: 4.0e-05
Epoch 906/1200, Train Loss: -0.3051, Learning Rate: 4.0e-05
Epoch 907/1200, Train Loss: -0.3061, Learning Rate: 4.0e-05
Epoch 908/1200, Train Loss: -0.3059, Learning Rate: 4.0e-05
Epoch 909/1200, Train Loss: -0.3062, Learning Rate: 4.0e-05
Epoch 910/1200, Train Loss: -0.3069, Learning Rate: 4.0e-05
Epoch 911/1200, Train Loss: -0.3061, Learning Rate: 4.0e-05
Epoch 912/1200, Train Loss: -0.3068, Learning Rate: 4.0e-05
Epoch 913/1200, Train Loss: -0.3069, Learning Rate: 4.0e-05
Epoch 914/1200, Train Loss: -0.3057, Learning Rate: 4.0e-05
Epoch 915/1200, Train Loss: -0.3064, Learning Rate: 4.0e-05
Epoch 916/1200, Train Loss: -0.3066, Learning Rate: 4.0e-05
Epoch 917/1200, Train Loss: -0.3060, Learning Rate: 4.0e-05
Epoch 918/1200, Train Loss: -0.3059, Learning Rate: 4.0e-05
Epoch 919/1200, Train Loss: -0.3061, Learning Rate: 4.0e-05
Epoch 920/1200, Train Loss: -0.3064, Learning Rate: 4.0e-05
Epoch 921/1200, Train Loss: -0.3070, Learning Rate: 4.0e-05
Epoch 922/1200, Train Loss: -0.3062, Learning Rate: 4.0e-05
Epoch 923/1200, Train Loss: -0.3058, Learning Rate: 4.0e-05
Epoch 924/1200, Train Loss: -0.3055, Learning Rate: 4.0e-05
Epoch 925/1200, Train Loss: -0.3070, Learning Rate: 4.0e-05
Epoch 925/1200, Val L1: 0.0203, Val PSNR: 30.88 dB
Saving checkpoint to ./ckpts/ckpt_924.pth
Epoch 926/1200, Train Loss: -0.3061, Learning Rate: 4.0e-05
Epoch 927/1200, Train Loss: -0.3073, Learning Rate: 4.0e-05
Epoch 928/1200, Train Loss: -0.3058, Learning Rate: 4.0e-05
Epoch 929/1200, Train Loss: -0.3064, Learning Rate: 4.0e-05
Epoch 930/1200, Train Loss: -0.3076, Learning Rate: 4.0e-05
Epoch 931/1200, Train Loss: -0.3066, Learning Rate: 4.0e-05
Epoch 932/1200, Train Loss: -0.3067, Learning Rate: 4.0e-05
Epoch 933/1200, Train Loss: -0.3065, Learning Rate: 4.0e-05
Epoch 934/1200, Train Loss: -0.3075, Learning Rate: 4.0e-05
Epoch 935/1200, Train Loss: -0.3074, Learning Rate: 4.0e-05
Epoch 936/1200, Train Loss: -0.3065, Learning Rate: 4.0e-05
Epoch 937/1200, Train Loss: -0.3068, Learning Rate: 4.0e-05
Epoch 938/1200, Train Loss: -0.3059, Learning Rate: 4.0e-05
Epoch 939/1200, Train Loss: -0.3068, Learning Rate: 4.0e-05
Epoch 940/1200, Train Loss: -0.3065, Learning Rate: 4.0e-05
Epoch 941/1200, Train Loss: -0.3072, Learning Rate: 4.0e-05
Epoch 942/1200, Train Loss: -0.3068, Learning Rate: 4.0e-05
Epoch 943/1200, Train Loss: -0.3070, Learning Rate: 4.0e-05
Epoch 944/1200, Train Loss: -0.3069, Learning Rate: 4.0e-05
Epoch 945/1200, Train Loss: -0.3066, Learning Rate: 4.0e-05
Epoch 946/1200, Train Loss: -0.3065, Learning Rate: 4.0e-05
Epoch 947/1200, Train Loss: -0.3059, Learning Rate: 4.0e-05
Epoch 948/1200, Train Loss: -0.3073, Learning Rate: 4.0e-05
Epoch 949/1200, Train Loss: -0.3065, Learning Rate: 4.0e-05
Epoch 950/1200, Train Loss: -0.3070, Learning Rate: 4.0e-05
Epoch 950/1200, Val L1: 0.0203, Val PSNR: 30.88 dB
Saving checkpoint to ./ckpts/ckpt_949.pth
---
Epoch 951/1200, Train Loss: -0.3066, Learning Rate: 4.0e-06
Epoch 952/1200, Train Loss: -0.3074, Learning Rate: 4.0e-06
Epoch 953/1200, Train Loss: -0.3076, Learning Rate: 4.0e-06
Epoch 954/1200, Train Loss: -0.3077, Learning Rate: 4.0e-06
Epoch 955/1200, Train Loss: -0.3078, Learning Rate: 4.0e-06
Epoch 956/1200, Train Loss: -0.3078, Learning Rate: 4.0e-06
Epoch 957/1200, Train Loss: -0.3091, Learning Rate: 4.0e-06
Epoch 958/1200, Train Loss: -0.3074, Learning Rate: 4.0e-06
Epoch 959/1200, Train Loss: -0.3079, Learning Rate: 4.0e-06
Epoch 960/1200, Train Loss: -0.3068, Learning Rate: 4.0e-06
Epoch 961/1200, Train Loss: -0.3072, Learning Rate: 4.0e-06
Epoch 962/1200, Train Loss: -0.3068, Learning Rate: 4.0e-06
Epoch 963/1200, Train Loss: -0.3088, Learning Rate: 4.0e-06
Epoch 964/1200, Train Loss: -0.3080, Learning Rate: 4.0e-06
Epoch 965/1200, Train Loss: -0.3076, Learning Rate: 4.0e-06
Epoch 966/1200, Train Loss: -0.3069, Learning Rate: 4.0e-06
Epoch 967/1200, Train Loss: -0.3078, Learning Rate: 4.0e-06
Epoch 968/1200, Train Loss: -0.3071, Learning Rate: 4.0e-06
Epoch 969/1200, Train Loss: -0.3079, Learning Rate: 4.0e-06
Epoch 970/1200, Train Loss: -0.3079, Learning Rate: 4.0e-06
Epoch 971/1200, Train Loss: -0.3077, Learning Rate: 4.0e-06
Epoch 972/1200, Train Loss: -0.3069, Learning Rate: 4.0e-06
Epoch 973/1200, Train Loss: -0.3074, Learning Rate: 4.0e-06
Epoch 974/1200, Train Loss: -0.3067, Learning Rate: 4.0e-06
Epoch 975/1200, Train Loss: -0.3077, Learning Rate: 4.0e-06
Epoch 975/1200, Val L1: 0.0202, Val PSNR: 30.90 dB
Saving checkpoint to ./ckpts/ckpt_974.pth
Epoch 976/1200, Train Loss: -0.3076, Learning Rate: 4.0e-06
Epoch 977/1200, Train Loss: -0.3082, Learning Rate: 4.0e-06
Epoch 978/1200, Train Loss: -0.3061, Learning Rate: 4.0e-06
Epoch 979/1200, Train Loss: -0.3081, Learning Rate: 4.0e-06
Epoch 980/1200, Train Loss: -0.3083, Learning Rate: 4.0e-06
Epoch 981/1200, Train Loss: -0.3084, Learning Rate: 4.0e-06
Epoch 982/1200, Train Loss: -0.3076, Learning Rate: 4.0e-06
Epoch 983/1200, Train Loss: -0.3073, Learning Rate: 4.0e-06
Epoch 984/1200, Train Loss: -0.3078, Learning Rate: 4.0e-06
Epoch 985/1200, Train Loss: -0.3067, Learning Rate: 4.0e-06
Epoch 986/1200, Train Loss: -0.3079, Learning Rate: 4.0e-06
Epoch 987/1200, Train Loss: -0.3059, Learning Rate: 4.0e-06
Epoch 988/1200, Train Loss: -0.3074, Learning Rate: 4.0e-06
Epoch 989/1200, Train Loss: -0.3081, Learning Rate: 4.0e-06
Epoch 990/1200, Train Loss: -0.3079, Learning Rate: 4.0e-06
Epoch 991/1200, Train Loss: -0.3071, Learning Rate: 4.0e-06
Epoch 992/1200, Train Loss: -0.3075, Learning Rate: 4.0e-06
Epoch 993/1200, Train Loss: -0.3081, Learning Rate: 4.0e-06
Epoch 994/1200, Train Loss: -0.3074, Learning Rate: 4.0e-06
Epoch 995/1200, Train Loss: -0.3069, Learning Rate: 4.0e-06
Epoch 996/1200, Train Loss: -0.3073, Learning Rate: 4.0e-06
Epoch 997/1200, Train Loss: -0.3068, Learning Rate: 4.0e-06
Epoch 998/1200, Train Loss: -0.3072, Learning Rate: 4.0e-06
Epoch 999/1200, Train Loss: -0.3081, Learning Rate: 4.0e-06
Epoch 1000/1200, Train Loss: -0.3072, Learning Rate: 4.0e-06
Epoch 1000/1200, Val L1: 0.0202, Val PSNR: 30.92 dB
Saving checkpoint to ./ckpts/ckpt_999.pth
Epoch 1001/1200, Train Loss: -0.3076, Learning Rate: 4.0e-06
Epoch 1002/1200, Train Loss: -0.3075, Learning Rate: 4.0e-06
Epoch 1003/1200, Train Loss: -0.3081, Learning Rate: 4.0e-06
Epoch 1004/1200, Train Loss: -0.3083, Learning Rate: 4.0e-06
Epoch 1005/1200, Train Loss: -0.3082, Learning Rate: 4.0e-06
Epoch 1006/1200, Train Loss: -0.3076, Learning Rate: 4.0e-06
Epoch 1007/1200, Train Loss: -0.3071, Learning Rate: 4.0e-06
Epoch 1008/1200, Train Loss: -0.3075, Learning Rate: 4.0e-06
Epoch 1009/1200, Train Loss: -0.3075, Learning Rate: 4.0e-06
Epoch 1010/1200, Train Loss: -0.3078, Learning Rate: 4.0e-06
Epoch 1011/1200, Train Loss: -0.3074, Learning Rate: 4.0e-06
Epoch 1012/1200, Train Loss: -0.3070, Learning Rate: 4.0e-06
Epoch 1013/1200, Train Loss: -0.3079, Learning Rate: 4.0e-06
Epoch 1014/1200, Train Loss: -0.3074, Learning Rate: 4.0e-06
Epoch 1015/1200, Train Loss: -0.3065, Learning Rate: 4.0e-06
Epoch 1016/1200, Train Loss: -0.3072, Learning Rate: 4.0e-06
Epoch 1017/1200, Train Loss: -0.3079, Learning Rate: 4.0e-06
Epoch 1018/1200, Train Loss: -0.3074, Learning Rate: 4.0e-06
Epoch 1019/1200, Train Loss: -0.3081, Learning Rate: 4.0e-06
Epoch 1020/1200, Train Loss: -0.3077, Learning Rate: 4.0e-06
Epoch 1021/1200, Train Loss: -0.3070, Learning Rate: 4.0e-06
Epoch 1022/1200, Train Loss: -0.3079, Learning Rate: 4.0e-06
Epoch 1023/1200, Train Loss: -0.3073, Learning Rate: 4.0e-06
Epoch 1024/1200, Train Loss: -0.3072, Learning Rate: 4.0e-06
Epoch 1025/1200, Train Loss: -0.3070, Learning Rate: 4.0e-06
Epoch 1025/1200, Val L1: 0.0202, Val PSNR: 30.91 dB
Saving checkpoint to ./ckpts/ckpt_1024.pth
Epoch 1026/1200, Train Loss: -0.3074, Learning Rate: 4.0e-06
Epoch 1027/1200, Train Loss: -0.3080, Learning Rate: 4.0e-06
Epoch 1028/1200, Train Loss: -0.3071, Learning Rate: 4.0e-06
Epoch 1029/1200, Train Loss: -0.3081, Learning Rate: 4.0e-06
Epoch 1030/1200, Train Loss: -0.3074, Learning Rate: 4.0e-06
Epoch 1031/1200, Train Loss: -0.3081, Learning Rate: 4.0e-06
Epoch 1032/1200, Train Loss: -0.3087, Learning Rate: 4.0e-06
Epoch 1033/1200, Train Loss: -0.3074, Learning Rate: 4.0e-06
Epoch 1034/1200, Train Loss: -0.3073, Learning Rate: 4.0e-06
Epoch 1035/1200, Train Loss: -0.3066, Learning Rate: 4.0e-06
Epoch 1036/1200, Train Loss: -0.3075, Learning Rate: 4.0e-06
Epoch 1037/1200, Train Loss: -0.3071, Learning Rate: 4.0e-06
Epoch 1038/1200, Train Loss: -0.3084, Learning Rate: 4.0e-06
Epoch 1039/1200, Train Loss: -0.3075, Learning Rate: 4.0e-06
Epoch 1040/1200, Train Loss: -0.3068, Learning Rate: 4.0e-06
Epoch 1041/1200, Train Loss: -0.3083, Learning Rate: 4.0e-06
Epoch 1042/1200, Train Loss: -0.3074, Learning Rate: 4.0e-06
Epoch 1043/1200, Train Loss: -0.3078, Learning Rate: 4.0e-06
Epoch 1044/1200, Train Loss: -0.3069, Learning Rate: 4.0e-06
Epoch 1045/1200, Train Loss: -0.3079, Learning Rate: 4.0e-06
Epoch 1046/1200, Train Loss: -0.3070, Learning Rate: 4.0e-06
Epoch 1047/1200, Train Loss: -0.3081, Learning Rate: 4.0e-06
Epoch 1048/1200, Train Loss: -0.3077, Learning Rate: 4.0e-06
Epoch 1049/1200, Train Loss: -0.3079, Learning Rate: 4.0e-06
Epoch 1050/1200, Train Loss: -0.3080, Learning Rate: 4.0e-06
Epoch 1050/1200, Val L1: 0.0202, Val PSNR: 30.92 dB
Saving checkpoint to ./ckpts/ckpt_1049.pth
Epoch 1051/1200, Train Loss: -0.3084, Learning Rate: 4.0e-06
Epoch 1052/1200, Train Loss: -0.3074, Learning Rate: 4.0e-06
Epoch 1053/1200, Train Loss: -0.3069, Learning Rate: 4.0e-06
Epoch 1054/1200, Train Loss: -0.3073, Learning Rate: 4.0e-06
Epoch 1055/1200, Train Loss: -0.3070, Learning Rate: 4.0e-06
Epoch 1056/1200, Train Loss: -0.3082, Learning Rate: 4.0e-06
Epoch 1057/1200, Train Loss: -0.3090, Learning Rate: 4.0e-06
Epoch 1058/1200, Train Loss: -0.3080, Learning Rate: 4.0e-06
Epoch 1059/1200, Train Loss: -0.3080, Learning Rate: 4.0e-06
Epoch 1060/1200, Train Loss: -0.3091, Learning Rate: 4.0e-06
Epoch 1061/1200, Train Loss: -0.3086, Learning Rate: 4.0e-06
Epoch 1062/1200, Train Loss: -0.3075, Learning Rate: 4.0e-06
Epoch 1063/1200, Train Loss: -0.3083, Learning Rate: 4.0e-06
Epoch 1064/1200, Train Loss: -0.3081, Learning Rate: 4.0e-06
Epoch 1065/1200, Train Loss: -0.3088, Learning Rate: 4.0e-06
Epoch 1066/1200, Train Loss: -0.3074, Learning Rate: 4.0e-06
Epoch 1067/1200, Train Loss: -0.3081, Learning Rate: 4.0e-06
Epoch 1068/1200, Train Loss: -0.3078, Learning Rate: 4.0e-06
Epoch 1069/1200, Train Loss: -0.3090, Learning Rate: 4.0e-06
Epoch 1070/1200, Train Loss: -0.3078, Learning Rate: 4.0e-06
Epoch 1071/1200, Train Loss: -0.3081, Learning Rate: 4.0e-06
Epoch 1072/1200, Train Loss: -0.3069, Learning Rate: 4.0e-06
Epoch 1073/1200, Train Loss: -0.3076, Learning Rate: 4.0e-06
Epoch 1074/1200, Train Loss: -0.3082, Learning Rate: 4.0e-06
Epoch 1075/1200, Train Loss: -0.3079, Learning Rate: 4.0e-06
Epoch 1075/1200, Val L1: 0.0202, Val PSNR: 30.92 dB
Saving checkpoint to ./ckpts/ckpt_1074.pth
Epoch 1076/1200, Train Loss: -0.3082, Learning Rate: 2.0e-06
Epoch 1077/1200, Train Loss: -0.3088, Learning Rate: 2.0e-06
Epoch 1078/1200, Train Loss: -0.3076, Learning Rate: 2.0e-06
Epoch 1079/1200, Train Loss: -0.3077, Learning Rate: 2.0e-06
Epoch 1080/1200, Train Loss: -0.3071, Learning Rate: 2.0e-06
Epoch 1081/1200, Train Loss: -0.3074, Learning Rate: 2.0e-06
Epoch 1082/1200, Train Loss: -0.3090, Learning Rate: 2.0e-06
Epoch 1083/1200, Train Loss: -0.3070, Learning Rate: 2.0e-06
Epoch 1084/1200, Train Loss: -0.3071, Learning Rate: 2.0e-06
Epoch 1085/1200, Train Loss: -0.3083, Learning Rate: 2.0e-06
Epoch 1086/1200, Train Loss: -0.3080, Learning Rate: 2.0e-06
Epoch 1087/1200, Train Loss: -0.3082, Learning Rate: 2.0e-06
Epoch 1088/1200, Train Loss: -0.3081, Learning Rate: 2.0e-06
Epoch 1089/1200, Train Loss: -0.3078, Learning Rate: 2.0e-06
Epoch 1090/1200, Train Loss: -0.3071, Learning Rate: 2.0e-06
Epoch 1091/1200, Train Loss: -0.3082, Learning Rate: 2.0e-06
Epoch 1092/1200, Train Loss: -0.3087, Learning Rate: 2.0e-06
Epoch 1093/1200, Train Loss: -0.3066, Learning Rate: 2.0e-06
Epoch 1094/1200, Train Loss: -0.3076, Learning Rate: 2.0e-06
Epoch 1095/1200, Train Loss: -0.3077, Learning Rate: 2.0e-06
Epoch 1096/1200, Train Loss: -0.3074, Learning Rate: 2.0e-06
Epoch 1097/1200, Train Loss: -0.3092, Learning Rate: 2.0e-06
Epoch 1098/1200, Train Loss: -0.3074, Learning Rate: 2.0e-06
Epoch 1099/1200, Train Loss: -0.3084, Learning Rate: 2.0e-06
Epoch 1100/1200, Train Loss: -0.3081, Learning Rate: 2.0e-06
Epoch 1100/1200, Val L1: 0.0202, Val PSNR: 30.92 dB
Saving checkpoint to ./ckpts/ckpt_1099.pth
Epoch 1101/1200, Train Loss: -0.3087, Learning Rate: 2.0e-06
Epoch 1102/1200, Train Loss: -0.3081, Learning Rate: 2.0e-06
Epoch 1103/1200, Train Loss: -0.3078, Learning Rate: 2.0e-06
Epoch 1104/1200, Train Loss: -0.3086, Learning Rate: 2.0e-06
Epoch 1105/1200, Train Loss: -0.3077, Learning Rate: 2.0e-06
Epoch 1106/1200, Train Loss: -0.3078, Learning Rate: 2.0e-06
Epoch 1107/1200, Train Loss: -0.3075, Learning Rate: 2.0e-06
Epoch 1108/1200, Train Loss: -0.3073, Learning Rate: 2.0e-06
Epoch 1109/1200, Train Loss: -0.3080, Learning Rate: 2.0e-06
Epoch 1110/1200, Train Loss: -0.3085, Learning Rate: 2.0e-06
Epoch 1111/1200, Train Loss: -0.3076, Learning Rate: 2.0e-06
Epoch 1112/1200, Train Loss: -0.3083, Learning Rate: 2.0e-06
Epoch 1113/1200, Train Loss: -0.3076, Learning Rate: 2.0e-06
Epoch 1114/1200, Train Loss: -0.3080, Learning Rate: 2.0e-06
Epoch 1115/1200, Train Loss: -0.3088, Learning Rate: 2.0e-06
Epoch 1116/1200, Train Loss: -0.3071, Learning Rate: 2.0e-06
Epoch 1117/1200, Train Loss: -0.3075, Learning Rate: 2.0e-06
Epoch 1118/1200, Train Loss: -0.3072, Learning Rate: 2.0e-06
Epoch 1119/1200, Train Loss: -0.3087, Learning Rate: 2.0e-06
Epoch 1120/1200, Train Loss: -0.3084, Learning Rate: 2.0e-06
Epoch 1121/1200, Train Loss: -0.3088, Learning Rate: 2.0e-06
Epoch 1122/1200, Train Loss: -0.3072, Learning Rate: 2.0e-06
Epoch 1123/1200, Train Loss: -0.3079, Learning Rate: 2.0e-06
Epoch 1124/1200, Train Loss: -0.3077, Learning Rate: 2.0e-06
Epoch 1125/1200, Train Loss: -0.3077, Learning Rate: 2.0e-06
Epoch 1125/1200, Val L1: 0.0202, Val PSNR: 30.91 dB
Saving checkpoint to ./ckpts/ckpt_1124.pth
Epoch 1126/1200, Train Loss: -0.3084, Learning Rate: 2.0e-06
Epoch 1127/1200, Train Loss: -0.3084, Learning Rate: 2.0e-06
Epoch 1128/1200, Train Loss: -0.3077, Learning Rate: 2.0e-06
Epoch 1129/1200, Train Loss: -0.3083, Learning Rate: 2.0e-06
Epoch 1130/1200, Train Loss: -0.3081, Learning Rate: 2.0e-06
Epoch 1131/1200, Train Loss: -0.3075, Learning Rate: 2.0e-06
Epoch 1132/1200, Train Loss: -0.3077, Learning Rate: 2.0e-06
Epoch 1133/1200, Train Loss: -0.3078, Learning Rate: 2.0e-06
Epoch 1134/1200, Train Loss: -0.3071, Learning Rate: 2.0e-06
Epoch 1135/1200, Train Loss: -0.3087, Learning Rate: 2.0e-06
Epoch 1136/1200, Train Loss: -0.3087, Learning Rate: 2.0e-06
Epoch 1137/1200, Train Loss: -0.3079, Learning Rate: 2.0e-06
Epoch 1138/1200, Train Loss: -0.3074, Learning Rate: 2.0e-06
Epoch 1139/1200, Train Loss: -0.3079, Learning Rate: 2.0e-06
Epoch 1140/1200, Train Loss: -0.3084, Learning Rate: 2.0e-06
Epoch 1141/1200, Train Loss: -0.3074, Learning Rate: 2.0e-06
Epoch 1142/1200, Train Loss: -0.3075, Learning Rate: 2.0e-06
Epoch 1143/1200, Train Loss: -0.3082, Learning Rate: 2.0e-06
Epoch 1144/1200, Train Loss: -0.3079, Learning Rate: 2.0e-06
Epoch 1145/1200, Train Loss: -0.3088, Learning Rate: 2.0e-06
Epoch 1146/1200, Train Loss: -0.3081, Learning Rate: 2.0e-06
Epoch 1147/1200, Train Loss: -0.3084, Learning Rate: 2.0e-06
Epoch 1148/1200, Train Loss: -0.3088, Learning Rate: 2.0e-06
Epoch 1149/1200, Train Loss: -0.3075, Learning Rate: 2.0e-06
Epoch 1150/1200, Train Loss: -0.3073, Learning Rate: 2.0e-06
Epoch 1150/1200, Val L1: 0.0202, Val PSNR: 30.92 dB
Saving checkpoint to ./ckpts/ckpt_1149.pth
Epoch 1151/1200, Train Loss: -0.3074, Learning Rate: 2.0e-06
Epoch 1152/1200, Train Loss: -0.3076, Learning Rate: 2.0e-06
Epoch 1153/1200, Train Loss: -0.3074, Learning Rate: 2.0e-06
Epoch 1154/1200, Train Loss: -0.3079, Learning Rate: 2.0e-06
Epoch 1155/1200, Train Loss: -0.3085, Learning Rate: 2.0e-06
Epoch 1156/1200, Train Loss: -0.3071, Learning Rate: 2.0e-06
Epoch 1157/1200, Train Loss: -0.3080, Learning Rate: 2.0e-06
Epoch 1158/1200, Train Loss: -0.3088, Learning Rate: 2.0e-06
Epoch 1159/1200, Train Loss: -0.3070, Learning Rate: 2.0e-06
Epoch 1160/1200, Train Loss: -0.3082, Learning Rate: 2.0e-06
Epoch 1161/1200, Train Loss: -0.3084, Learning Rate: 2.0e-06
Epoch 1162/1200, Train Loss: -0.3077, Learning Rate: 2.0e-06
Epoch 1163/1200, Train Loss: -0.3090, Learning Rate: 2.0e-06
Epoch 1164/1200, Train Loss: -0.3065, Learning Rate: 2.0e-06
Epoch 1165/1200, Train Loss: -0.3078, Learning Rate: 2.0e-06
Epoch 1166/1200, Train Loss: -0.3072, Learning Rate: 2.0e-06
Epoch 1167/1200, Train Loss: -0.3078, Learning Rate: 2.0e-06
Epoch 1168/1200, Train Loss: -0.3075, Learning Rate: 2.0e-06
Epoch 1169/1200, Train Loss: -0.3085, Learning Rate: 2.0e-06
Epoch 1170/1200, Train Loss: -0.3079, Learning Rate: 2.0e-06
Epoch 1171/1200, Train Loss: -0.3078, Learning Rate: 2.0e-06
Epoch 1172/1200, Train Loss: -0.3078, Learning Rate: 2.0e-06
Epoch 1173/1200, Train Loss: -0.3075, Learning Rate: 2.0e-06
Epoch 1174/1200, Train Loss: -0.3079, Learning Rate: 2.0e-06
Epoch 1175/1200, Train Loss: -0.3077, Learning Rate: 2.0e-06
Epoch 1175/1200, Val L1: 0.0202, Val PSNR: 30.92 dB
Saving checkpoint to ./ckpts/ckpt_1174.pth
Epoch 1176/1200, Train Loss: -0.3082, Learning Rate: 2.0e-06
Epoch 1177/1200, Train Loss: -0.3078, Learning Rate: 2.0e-06
Epoch 1178/1200, Train Loss: -0.3082, Learning Rate: 2.0e-06
Epoch 1179/1200, Train Loss: -0.3076, Learning Rate: 2.0e-06
Epoch 1180/1200, Train Loss: -0.3071, Learning Rate: 2.0e-06
Epoch 1181/1200, Train Loss: -0.3092, Learning Rate: 2.0e-06
Epoch 1182/1200, Train Loss: -0.3072, Learning Rate: 2.0e-06
Epoch 1183/1200, Train Loss: -0.3078, Learning Rate: 2.0e-06
Epoch 1184/1200, Train Loss: -0.3074, Learning Rate: 2.0e-06
Epoch 1185/1200, Train Loss: -0.3080, Learning Rate: 2.0e-06
Epoch 1186/1200, Train Loss: -0.3086, Learning Rate: 2.0e-06
Epoch 1187/1200, Train Loss: -0.3084, Learning Rate: 2.0e-06
Epoch 1188/1200, Train Loss: -0.3082, Learning Rate: 2.0e-06
Epoch 1189/1200, Train Loss: -0.3070, Learning Rate: 2.0e-06
Epoch 1190/1200, Train Loss: -0.3081, Learning Rate: 2.0e-06
Epoch 1191/1200, Train Loss: -0.3074, Learning Rate: 2.0e-06
Epoch 1192/1200, Train Loss: -0.3082, Learning Rate: 2.0e-06
Epoch 1193/1200, Train Loss: -0.3078, Learning Rate: 2.0e-06
Epoch 1194/1200, Train Loss: -0.3075, Learning Rate: 2.0e-06
Epoch 1195/1200, Train Loss: -0.3081, Learning Rate: 2.0e-06
Epoch 1196/1200, Train Loss: -0.3072, Learning Rate: 2.0e-06
Epoch 1197/1200, Train Loss: -0.3088, Learning Rate: 2.0e-06
Epoch 1198/1200, Train Loss: -0.3091, Learning Rate: 2.0e-06
Epoch 1199/1200, Train Loss: -0.3085, Learning Rate: 2.0e-06
Epoch 1200/1200, Train Loss: -0.3079, Learning Rate: 2.0e-06
Epoch 1200/1200, Val L1: 0.0202, Val PSNR: 30.92 dB
Saving checkpoint to ./ckpts/ckpt_1199.pth